SF:lib\model\stripe_get_login_based_address.dart
DA:3,1
DA:6,0
DA:7,0
DA:20,1
DA:23,0
DA:26,0
DA:27,0
DA:28,0
DA:29,0
DA:30,0
DA:31,0
DA:32,0
DA:33,0
DA:34,0
LF:14
LH:2
end_of_record
SF:lib\model\stripe_update_account_request.dart
DA:6,2
DA:9,1
DA:10,4
LF:3
LH:3
end_of_record
SF:lib\pages\home\currency_screen\model\ibc_coins.dart
DA:9,23
DA:13,0
DA:14,0
DA:19,0
DA:22,0
DA:23,0
DA:24,0
DA:25,0
DA:26,0
DA:27,0
DA:28,0
DA:29,0
DA:30,0
DA:31,0
DA:32,0
DA:33,0
DA:34,0
DA:35,0
DA:36,0
DA:37,0
DA:41,0
DA:44,0
DA:46,0
DA:48,0
DA:50,0
DA:52,0
DA:54,0
DA:56,0
DA:58,0
DA:64,0
DA:67,0
DA:69,0
DA:71,0
DA:73,0
DA:75,0
DA:77,0
DA:79,0
DA:81,0
DA:86,0
DA:89,0
DA:91,0
DA:93,0
DA:95,0
DA:97,0
DA:99,0
DA:101,0
DA:103,0
DA:108,0
DA:112,0
DA:113,0
DA:114,0
DA:115,0
DA:116,0
DA:117,0
DA:118,0
DA:119,0
DA:120,0
DA:121,0
DA:122,0
DA:127,0
DA:131,0
DA:132,0
DA:133,0
DA:134,0
DA:135,0
DA:136,0
DA:137,0
DA:138,0
DA:139,0
DA:140,0
DA:141,0
LF:71
LH:1
end_of_record
SF:lib\pages\home\currency_screen\model\ibc_trace_model.dart
DA:7,0
DA:9,0
DA:10,0
DA:13,0
DA:15,0
DA:23,0
DA:25,0
DA:26,0
DA:29,0
DA:31,0
LF:10
LH:0
end_of_record
SF:lib\utils\base_env.dart
DA:19,2
DA:37,4
DA:39,4
DA:40,2
DA:42,2
DA:43,8
DA:52,4
DA:53,2
DA:54,4
DA:55,2
DA:56,2
DA:57,2
DA:58,2
DA:59,2
DA:60,2
DA:61,2
DA:62,2
DA:65,4
DA:67,0
DA:69,0
DA:72,0
DA:74,2
DA:76,0
DA:78,0
DA:80,0
DA:82,0
DA:84,0
DA:86,0
DA:88,0
LF:29
LH:19
end_of_record
SF:lib\ipc\models\sdk_ipc_response.dart
DA:11,12
DA:19,11
DA:23,11
DA:32,1
DA:37,1
DA:46,0
DA:48,0
DA:49,0
DA:50,0
DA:51,0
DA:52,0
DA:53,0
DA:56,0
DA:58,0
DA:60,0
DA:63,0
DA:65,0
LF:17
LH:5
end_of_record
SF:lib\model\balance.dart
DA:8,0
DA:13,0
DA:14,0
DA:15,0
DA:17,0
DA:18,0
DA:20,0
DA:21,0
DA:22,0
DA:23,0
DA:27,0
DA:28,0
DA:29,0
LF:13
LH:0
end_of_record
SF:lib\model\execution_list_by_recipe_response.dart
DA:7,1
DA:10,1
DA:11,1
DA:12,2
DA:15,0
DA:16,0
DA:17,0
DA:18,0
DA:19,0
DA:20,0
DA:21,0
LF:11
LH:4
end_of_record
SF:lib\modules\cosmos.authz.v1beta1\module\client\cosmos\base\abci\v1beta1\abci.pb.dart
DA:17,0
DA:26,0
DA:31,0
DA:36,0
DA:41,0
DA:47,0
DA:52,0
DA:57,0
DA:64,0
DA:69,0
DA:74,0
DA:79,0
DA:85,0
DA:90,0
DA:92,0
DA:93,0
DA:107,0
DA:109,0
DA:112,0
DA:115,0
DA:118,0
DA:121,0
DA:124,0
DA:127,0
DA:130,0
DA:133,0
DA:136,0
DA:139,0
DA:142,0
DA:146,0
DA:148,0
DA:149,0
DA:151,0
DA:152,0
DA:155,0
DA:156,0
DA:160,0
DA:162,0
DA:163,0
DA:164,0
DA:165,0
DA:166,0
DA:167,0
DA:169,0
DA:172,0
DA:173,0
DA:174,0
DA:176,0
DA:179,0
DA:180,0
DA:181,0
DA:182,0
DA:184,0
DA:185,0
DA:186,0
DA:188,0
DA:191,0
DA:192,0
DA:193,0
DA:194,0
DA:196,0
DA:197,0
DA:198,0
DA:200,0
DA:203,0
DA:204,0
DA:205,0
DA:206,0
DA:208,0
DA:209,0
DA:210,0
DA:212,0
DA:215,0
DA:216,0
DA:217,0
DA:218,0
DA:220,0
DA:221,0
DA:222,0
DA:224,0
DA:227,0
DA:228,0
DA:229,0
DA:230,0
DA:232,0
DA:233,0
DA:234,0
DA:236,0
DA:239,0
DA:240,0
DA:241,0
DA:242,0
DA:244,0
DA:245,0
DA:247,0
DA:248,0
DA:249,0
DA:251,0
DA:254,0
DA:255,0
DA:256,0
DA:257,0
DA:259,0
DA:260,0
DA:261,0
DA:263,0
DA:266,0
DA:267,0
DA:268,0
DA:269,0
DA:271,0
DA:272,0
DA:273,0
DA:275,0
DA:278,0
DA:279,0
DA:280,0
DA:281,0
DA:283,0
DA:284,0
DA:285,0
DA:287,0
DA:290,0
DA:291,0
DA:292,0
DA:293,0
DA:294,0
DA:295,0
DA:297,0
DA:298,0
DA:299,0
DA:301,0
DA:304,0
DA:305,0
DA:306,0
DA:307,0
DA:311,0
DA:320,0
DA:326,0
DA:331,0
DA:338,0
DA:340,0
DA:341,0
DA:346,0
DA:348,0
DA:351,0
DA:354,0
DA:358,0
DA:360,0
DA:361,0
DA:363,0
DA:364,0
DA:367,0
DA:368,0
DA:372,0
DA:374,0
DA:375,0
DA:376,0
DA:377,0
DA:378,0
DA:379,0
DA:380,0
DA:382,0
DA:385,0
DA:386,0
DA:387,0
DA:389,0
DA:392,0
DA:393,0
DA:394,0
DA:395,0
DA:397,0
DA:398,0
DA:399,0
DA:401,0
DA:404,0
DA:405,0
DA:406,0
DA:407,0
DA:409,0
DA:410,0
DA:414,0
DA:423,0
DA:428,0
DA:435,0
DA:437,0
DA:438,0
DA:442,0
DA:444,0
DA:447,0
DA:451,0
DA:453,0
DA:454,0
DA:456,0
DA:457,0
DA:460,0
DA:461,0
DA:465,0
DA:467,0
DA:468,0
DA:469,0
DA:470,0
DA:471,0
DA:472,0
DA:474,0
DA:477,0
DA:478,0
DA:479,0
DA:481,0
DA:484,0
DA:485,0
DA:486,0
DA:487,0
DA:489,0
DA:490,0
DA:494,0
DA:503,0
DA:508,0
DA:513,0
DA:515,0
DA:516,0
DA:520,0
DA:522,0
DA:525,0
DA:529,0
DA:531,0
DA:532,0
DA:534,0
DA:535,0
DA:538,0
DA:539,0
DA:543,0
DA:545,0
DA:546,0
DA:547,0
DA:548,0
DA:549,0
DA:550,0
DA:552,0
DA:555,0
DA:556,0
DA:557,0
DA:559,0
DA:562,0
DA:563,0
DA:564,0
DA:565,0
DA:567,0
DA:568,0
DA:569,0
DA:571,0
DA:574,0
DA:575,0
DA:576,0
DA:577,0
DA:581,0
DA:590,0
DA:597,0
DA:604,0
DA:606,0
DA:607,0
DA:611,0
DA:613,0
DA:616,0
DA:620,0
DA:622,0
DA:623,0
DA:625,0
DA:626,0
DA:629,0
DA:630,0
DA:634,0
DA:636,0
DA:637,0
DA:638,0
DA:639,0
DA:640,0
DA:641,0
DA:643,0
DA:646,0
DA:647,0
DA:648,0
DA:650,0
DA:653,0
DA:654,0
DA:655,0
DA:656,0
DA:658,0
DA:659,0
DA:660,0
DA:662,0
DA:665,0
DA:666,0
DA:667,0
DA:668,0
DA:672,0
DA:681,0
DA:687,0
DA:692,0
DA:699,0
DA:701,0
DA:702,0
DA:707,0
DA:709,0
DA:712,0
DA:715,0
DA:719,0
DA:721,0
DA:722,0
DA:724,0
DA:725,0
DA:728,0
DA:729,0
DA:733,0
DA:735,0
DA:736,0
DA:737,0
DA:738,0
DA:739,0
DA:740,0
DA:742,0
DA:745,0
DA:746,0
DA:747,0
DA:749,0
DA:752,0
DA:753,0
DA:754,0
DA:755,0
DA:757,0
DA:758,0
DA:759,0
DA:761,0
DA:764,0
DA:765,0
DA:766,0
DA:767,0
DA:769,0
DA:770,0
DA:774,0
DA:783,0
DA:789,0
DA:795,0
DA:797,0
DA:798,0
DA:802,0
DA:804,0
DA:807,0
DA:811,0
DA:813,0
DA:814,0
DA:816,0
DA:817,0
DA:820,0
DA:821,0
DA:825,0
DA:827,0
DA:828,0
DA:829,0
DA:830,0
DA:831,0
DA:832,0
DA:833,0
DA:835,0
DA:838,0
DA:839,0
DA:840,0
DA:842,0
DA:845,0
DA:846,0
DA:847,0
DA:848,0
DA:849,0
DA:850,0
DA:852,0
DA:853,0
DA:854,0
DA:856,0
DA:859,0
DA:860,0
DA:861,0
DA:862,0
DA:863,0
DA:864,0
DA:868,0
DA:877,0
DA:882,0
DA:888,0
DA:890,0
DA:891,0
DA:895,0
DA:897,0
DA:900,0
DA:904,0
DA:906,0
DA:907,0
DA:909,0
DA:910,0
DA:913,0
DA:914,0
DA:918,0
DA:920,0
DA:921,0
DA:922,0
DA:923,0
DA:924,0
DA:925,0
DA:927,0
DA:930,0
DA:931,0
DA:932,0
DA:934,0
DA:937,0
DA:938,0
DA:939,0
DA:940,0
DA:942,0
DA:943,0
DA:944,0
DA:946,0
DA:949,0
DA:950,0
DA:951,0
DA:952,0
DA:956,0
DA:965,0
DA:972,0
DA:974,0
DA:975,0
DA:978,0
DA:980,0
DA:984,0
DA:986,0
DA:987,0
DA:989,0
DA:990,0
DA:993,0
DA:994,0
DA:998,0
DA:1000,0
DA:1001,0
DA:1002,0
DA:1003,0
DA:1004,0
DA:1005,0
DA:1007,0
DA:1010,0
DA:1011,0
DA:1015,0
DA:1024,0
DA:1031,0
DA:1038,0
DA:1045,0
DA:1052,0
DA:1059,0
DA:1066,0
DA:1068,0
DA:1069,0
DA:1077,0
DA:1079,0
DA:1082,0
DA:1085,0
DA:1088,0
DA:1091,0
DA:1094,0
DA:1098,0
DA:1100,0
DA:1101,0
DA:1103,0
DA:1104,0
DA:1107,0
DA:1108,0
DA:1112,0
DA:1114,0
DA:1115,0
DA:1116,0
DA:1117,0
DA:1118,0
DA:1119,0
DA:1120,0
DA:1122,0
DA:1125,0
DA:1126,0
DA:1127,0
DA:1129,0
DA:1132,0
DA:1133,0
DA:1134,0
DA:1135,0
DA:1137,0
DA:1138,0
DA:1139,0
DA:1141,0
DA:1144,0
DA:1145,0
DA:1146,0
DA:1147,0
DA:1149,0
DA:1150,0
DA:1151,0
DA:1153,0
DA:1156,0
DA:1157,0
DA:1158,0
DA:1159,0
DA:1161,0
DA:1162,0
DA:1163,0
DA:1165,0
DA:1168,0
DA:1169,0
DA:1170,0
DA:1171,0
DA:1173,0
DA:1174,0
DA:1175,0
DA:1177,0
DA:1180,0
DA:1181,0
DA:1182,0
DA:1183,0
DA:1185,0
DA:1186,0
LF:523
LH:0
end_of_record
SF:lib\stores\wallet_store_imp.dart
DA:42,1
DA:64,0
DA:65,0
DA:66,0
DA:67,0
DA:68,0
DA:69,0
DA:72,0
DA:79,0
DA:83,0
DA:84,0
DA:85,0
DA:86,0
DA:88,0
DA:94,0
DA:96,0
DA:97,0
DA:98,0
DA:99,0
DA:110,0
DA:112,0
DA:113,0
DA:117,0
DA:119,0
DA:121,0
DA:123,0
DA:125,0
DA:127,0
DA:128,0
DA:133,0
DA:134,0
DA:137,0
DA:139,0
DA:141,0
DA:149,0
DA:153,0
DA:154,0
DA:156,0
DA:157,0
DA:162,0
DA:164,0
DA:168,0
DA:169,0
DA:170,0
DA:172,0
DA:173,0
DA:174,0
DA:177,0
DA:178,0
DA:180,0
DA:182,0
DA:183,0
DA:186,0
DA:187,0
DA:188,0
DA:190,0
DA:191,0
DA:193,0
DA:195,0
DA:196,0
DA:199,0
DA:201,0
DA:204,0
DA:205,0
DA:208,0
DA:211,0
DA:212,0
DA:213,0
DA:215,0
DA:224,0
DA:225,0
DA:226,0
DA:227,0
DA:230,0
DA:232,0
DA:235,0
DA:237,0
DA:240,0
DA:242,0
DA:246,0
DA:247,0
DA:248,0
DA:249,0
DA:254,0
DA:255,0
DA:256,0
DA:257,0
DA:261,0
DA:262,0
DA:263,0
DA:264,0
DA:269,0
DA:270,0
DA:271,0
DA:272,0
DA:277,0
DA:278,0
DA:279,0
DA:283,0
DA:284,0
DA:285,0
DA:286,0
DA:290,0
DA:291,0
DA:292,0
DA:293,0
DA:294,0
DA:295,0
DA:298,0
DA:302,0
DA:303,0
DA:304,0
DA:305,0
DA:309,0
DA:310,0
DA:314,0
DA:315,0
DA:316,0
DA:317,0
DA:321,0
DA:322,0
DA:323,0
DA:324,0
DA:327,0
DA:331,0
DA:332,0
DA:333,0
DA:335,0
DA:339,0
DA:340,0
DA:341,0
DA:342,0
DA:343,0
DA:344,0
DA:346,0
DA:347,0
DA:348,0
DA:349,0
DA:350,0
DA:351,0
DA:352,0
DA:353,0
DA:354,0
DA:355,0
DA:356,0
DA:360,0
DA:361,0
DA:362,0
DA:363,0
DA:366,0
DA:370,0
DA:371,0
DA:372,0
DA:373,0
DA:377,0
DA:381,0
DA:382,0
DA:386,0
DA:387,0
DA:389,0
DA:391,0
DA:392,0
DA:397,0
DA:398,0
DA:399,0
DA:400,0
DA:401,0
DA:403,0
DA:407,0
DA:408,0
DA:409,0
DA:410,0
DA:411,0
DA:412,0
DA:416,0
DA:417,0
DA:418,0
DA:419,0
DA:423,1
DA:424,3
DA:425,2
DA:428,0
DA:430,0
DA:432,0
DA:433,0
DA:436,0
DA:438,0
DA:439,0
DA:442,0
DA:444,0
DA:445,0
DA:448,0
DA:450,0
DA:451,0
DA:454,0
DA:456,0
DA:458,0
DA:459,0
DA:460,0
DA:466,0
DA:470,0
DA:471,0
DA:472,0
DA:473,0
DA:477,0
DA:478,0
DA:480,0
DA:481,0
DA:484,0
DA:488,0
DA:489,0
DA:490,0
DA:491,0
DA:495,0
DA:496,0
DA:498,0
DA:499,0
DA:502,0
DA:506,0
DA:507,0
DA:509,0
DA:510,0
DA:513,0
DA:517,0
DA:518,0
DA:520,0
DA:521,0
DA:523,0
DA:525,0
DA:528,0
DA:530,0
DA:533,0
DA:535,0
DA:536,0
DA:537,0
DA:542,0
DA:543,0
DA:545,0
DA:546,0
DA:549,0
DA:551,0
DA:555,0
DA:556,0
DA:558,0
DA:559,0
DA:562,0
DA:564,0
DA:568,0
DA:569,0
DA:571,0
DA:572,0
DA:575,0
DA:577,0
DA:581,0
DA:582,0
DA:584,0
DA:585,0
DA:588,0
DA:592,0
DA:593,0
DA:595,0
DA:596,0
DA:599,0
DA:601,0
DA:603,0
DA:604,0
DA:607,0
DA:609,0
DA:610,0
DA:613,0
DA:614,0
DA:617,0
DA:622,0
DA:624,0
DA:625,0
DA:627,0
DA:637,0
LF:277
LH:4
end_of_record
SF:lib\utils\failure\failure.dart
DA:6,138
DA:10,23
DA:12,0
DA:13,0
DA:17,23
DA:19,0
DA:20,0
DA:24,23
DA:26,0
DA:27,0
DA:31,23
DA:32,0
DA:33,0
DA:37,23
DA:39,0
DA:40,0
DA:44,0
DA:46,0
DA:47,0
DA:51,0
DA:53,0
DA:54,0
DA:58,23
DA:60,0
DA:61,0
DA:65,23
DA:67,0
DA:68,0
DA:72,0
DA:74,0
DA:75,0
DA:79,0
DA:81,0
DA:82,0
DA:86,23
DA:88,0
DA:89,0
DA:93,46
DA:95,0
DA:96,0
DA:100,23
DA:102,0
DA:103,0
DA:109,23
DA:111,0
DA:112,0
DA:118,23
DA:120,0
DA:121,0
DA:128,23
DA:130,0
DA:131,0
DA:137,23
DA:139,0
DA:140,0
LF:55
LH:15
end_of_record
SF:lib\ipc\handler\handler_factory.dart
DA:70,1
DA:71,1
DA:72,1
DA:73,1
DA:74,1
DA:75,1
DA:76,1
DA:77,1
DA:78,1
DA:79,1
DA:80,1
DA:81,1
DA:82,1
DA:83,1
DA:84,1
DA:85,1
DA:88,2
DA:89,2
DA:97,0
DA:98,0
DA:99,0
DA:100,0
LF:22
LH:18
end_of_record
SF:lib\ipc\handler\handlers\get_cookbook_handler.dart
DA:14,2
DA:17,1
DA:18,3
DA:19,2
DA:21,1
DA:23,2
DA:26,2
DA:27,3
DA:28,3
DA:29,1
LF:10
LH:10
end_of_record
SF:lib\ipc\models\sdk_ipc_message.dart
DA:12,12
DA:14,0
DA:15,0
DA:16,0
DA:21,0
DA:22,0
DA:25,0
DA:28,0
DA:30,0
DA:32,0
DA:34,0
LF:11
LH:1
end_of_record
SF:lib\components\buttons\pylons_blue_button_with_loader.dart
DA:9,1
DA:11,1
DA:13,1
DA:15,1
DA:16,1
DA:17,1
DA:18,1
DA:19,2
DA:20,1
DA:22,1
DA:25,1
DA:27,0
DA:32,1
DA:33,2
DA:48,2
LF:15
LH:14
end_of_record
SF:lib\components\loading.dart
DA:9,2
DA:10,10
DA:11,2
DA:12,2
DA:13,2
DA:22,3
DA:24,3
DA:25,9
DA:28,3
DA:29,9
DA:30,0
DA:31,0
DA:33,3
DA:34,12
DA:36,3
DA:37,0
DA:38,0
DA:39,0
DA:42,0
DA:43,0
DA:44,0
DA:45,0
LF:22
LH:13
end_of_record
SF:lib\pylons_app.dart
DA:28,9
DA:33,0
DA:34,0
DA:40,0
DA:42,0
DA:44,0
DA:47,0
DA:49,0
DA:50,0
DA:52,0
DA:53,0
DA:54,0
DA:55,0
DA:56,0
DA:58,0
DA:59,0
DA:60,0
DA:62,0
DA:64,0
DA:65,0
DA:66,0
DA:67,0
DA:68,0
DA:69,0
DA:70,0
DA:71,0
DA:72,0
DA:73,0
DA:74,0
DA:75,0
DA:76,0
DA:77,0
DA:80,0
DA:81,0
DA:83,0
DA:84,0
DA:85,0
LF:37
LH:1
end_of_record
SF:lib\utils\image_util.dart
DA:2,0
LF:1
LH:0
end_of_record
SF:lib\components\pylons_app_theme.dart
DA:17,0
DA:19,0
DA:21,0
DA:35,0
DA:36,0
DA:37,0
DA:40,0
DA:41,0
DA:48,0
DA:49,0
LF:10
LH:0
end_of_record
SF:lib\components\pylons_blue_button.dart
DA:9,0
DA:14,0
DA:16,0
DA:18,0
DA:19,0
DA:20,0
DA:21,0
DA:24,0
DA:26,0
DA:29,0
DA:30,0
DA:31,0
DA:33,0
DA:37,0
LF:14
LH:0
end_of_record
SF:lib\components\pylons_glass.dart
DA:13,0
DA:22,0
DA:24,0
DA:26,0
DA:27,0
DA:28,0
DA:29,0
DA:30,0
DA:31,0
DA:32,0
DA:33,0
DA:34,0
DA:39,0
DA:41,0
LF:14
LH:0
end_of_record
SF:lib\components\pylons_rounded_button.dart
DA:10,0
DA:16,0
DA:18,0
DA:20,0
DA:21,0
DA:22,0
DA:23,0
DA:24,0
DA:25,0
DA:27,0
DA:29,0
DA:32,0
DA:38,0
DA:39,0
DA:41,0
DA:42,0
DA:44,0
DA:45,0
DA:47,0
DA:49,0
DA:55,0
DA:56,0
LF:22
LH:0
end_of_record
SF:lib\components\space_widgets.dart
DA:4,115
DA:7,0
DA:9,0
DA:10,0
DA:16,69
DA:19,0
DA:21,0
DA:22,0
LF:8
LH:2
end_of_record
SF:lib\components\pylons_text_input_widget.dart
DA:4,0
DA:11,0
DA:19,0
DA:21,0
DA:22,0
DA:24,0
DA:25,0
DA:26,0
DA:27,0
DA:30,0
DA:32,0
DA:34,0
DA:35,0
DA:36,0
DA:42,0
DA:44,0
DA:45,0
LF:17
LH:0
end_of_record
SF:lib\components\user_image_widget.dart
DA:17,23
DA:19,0
DA:23,0
DA:25,0
DA:29,0
DA:31,0
DA:35,0
DA:36,0
DA:38,0
DA:41,0
DA:44,0
DA:45,0
DA:46,0
DA:47,0
DA:50,0
DA:51,0
DA:70,0
DA:72,23
DA:74,0
DA:76,0
DA:77,0
DA:78,0
DA:79,0
DA:80,0
DA:81,0
DA:82,0
DA:88,0
DA:90,0
DA:95,0
DA:97,0
DA:99,0
DA:101,0
DA:102,0
DA:103,0
DA:104,0
DA:105,0
DA:106,0
DA:107,0
DA:108,0
DA:109,0
DA:132,0
DA:134,23
DA:136,0
DA:138,0
DA:139,0
DA:140,0
DA:141,0
DA:142,0
DA:143,0
DA:144,0
DA:147,0
DA:148,0
DA:151,0
DA:152,0
DA:158,0
DA:161,0
DA:162,0
DA:163,0
DA:164,0
DA:170,0
DA:172,0
DA:177,0
DA:179,0
DA:182,0
LF:64
LH:3
end_of_record
SF:lib\pages\error.dart
DA:4,0
DA:5,0
DA:6,0
DA:8,0
DA:9,0
DA:10,0
DA:12,0
DA:13,0
DA:14,0
DA:15,0
DA:16,0
DA:17,0
LF:12
LH:0
end_of_record
SF:lib\pages\image_picker.dart
DA:13,0
DA:14,0
DA:16,0
DA:18,0
DA:22,0
DA:25,0
DA:26,0
DA:28,0
DA:30,0
DA:33,0
DA:35,0
DA:39,0
DA:42,0
DA:43,0
DA:45,0
DA:53,0
DA:54,0
DA:56,0
DA:57,0
DA:58,0
DA:59,0
DA:60,0
DA:61,0
DA:62,0
DA:63,0
DA:64,0
DA:73,0
DA:74,0
DA:76,0
DA:77,0
DA:78,0
DA:79,0
DA:80,0
DA:81,0
DA:82,0
DA:83,0
DA:85,0
DA:86,0
DA:87,0
LF:39
LH:0
end_of_record
SF:lib\pages\settings\utils\user_info_provider.dart
DA:8,0
DA:10,0
DA:11,0
DA:16,0
DA:17,0
DA:21,0
DA:23,0
DA:24,0
LF:8
LH:0
end_of_record
SF:lib\services\repository\repository.dart
DA:351,0
DA:363,0
DA:364,0
DA:369,0
DA:370,0
DA:371,0
DA:373,0
DA:375,0
DA:379,0
DA:380,0
DA:386,0
DA:387,0
DA:392,0
DA:394,0
DA:396,0
DA:400,0
DA:401,0
DA:407,0
DA:408,0
DA:413,0
DA:415,0
DA:417,0
DA:418,0
DA:424,0
DA:425,0
DA:430,0
DA:432,0
DA:433,0
DA:437,0
DA:438,0
DA:444,0
DA:445,0
DA:450,0
DA:452,0
DA:454,0
DA:458,0
DA:459,0
DA:465,0
DA:466,0
DA:471,0
DA:472,0
DA:473,0
DA:479,0
DA:480,0
DA:484,0
DA:485,0
DA:486,0
DA:487,0
DA:489,0
DA:493,0
DA:494,0
DA:498,0
DA:500,0
DA:502,0
DA:503,0
DA:506,0
DA:507,0
DA:515,0
DA:516,0
DA:520,0
DA:521,0
DA:522,0
DA:524,0
DA:526,0
DA:530,0
DA:534,0
DA:535,0
DA:539,0
DA:541,0
DA:543,0
DA:547,0
DA:548,0
DA:552,0
DA:554,0
DA:556,0
DA:559,0
DA:563,0
DA:564,0
DA:569,0
DA:571,0
DA:573,0
DA:577,0
DA:578,0
DA:584,0
DA:585,0
DA:590,0
DA:591,0
DA:592,0
DA:593,0
DA:595,0
DA:601,0
DA:602,0
DA:611,0
DA:612,0
DA:617,0
DA:618,0
DA:619,0
DA:621,0
DA:622,0
DA:639,0
DA:640,0
DA:645,0
DA:646,0
DA:647,0
DA:649,0
DA:650,0
DA:659,0
DA:660,0
DA:665,0
DA:666,0
DA:667,0
DA:669,0
DA:670,0
DA:679,0
DA:680,0
DA:685,0
DA:686,0
DA:687,0
DA:688,0
DA:698,0
DA:699,0
DA:704,0
DA:705,0
DA:706,0
DA:708,0
DA:717,0
DA:718,0
DA:722,0
DA:723,0
DA:724,0
DA:726,0
DA:727,0
DA:736,0
DA:737,0
DA:741,0
DA:742,0
DA:743,0
DA:745,0
DA:746,0
DA:755,0
DA:756,0
DA:761,0
DA:762,0
DA:763,0
DA:765,0
DA:766,0
DA:767,0
DA:776,0
DA:777,0
DA:782,0
DA:783,0
DA:784,0
DA:793,0
DA:794,0
DA:798,0
DA:799,0
DA:800,0
DA:802,0
DA:803,0
DA:805,0
DA:811,0
DA:812,0
DA:817,0
DA:818,0
DA:819,0
DA:821,0
DA:827,0
DA:828,0
DA:833,0
DA:834,0
DA:835,0
DA:837,0
DA:843,0
DA:844,0
DA:849,0
DA:850,0
DA:851,0
DA:857,0
DA:858,0
DA:863,0
DA:864,0
DA:865,0
DA:866,0
DA:867,0
DA:870,0
DA:871,0
DA:876,0
DA:879,0
DA:880,0
DA:886,0
DA:888,0
DA:889,0
DA:895,0
DA:897,0
DA:898,0
DA:904,0
DA:906,0
DA:907,0
DA:912,0
DA:915,0
DA:916,0
DA:918,0
DA:924,0
DA:926,0
DA:927,0
DA:932,0
DA:935,0
DA:936,0
DA:941,0
DA:944,0
DA:945,0
DA:951,0
DA:953,0
DA:954,0
DA:959,0
DA:962,0
DA:963,0
DA:969,0
DA:971,0
DA:972,0
DA:978,0
DA:980,0
DA:981,0
DA:982,0
DA:983,0
DA:989,0
DA:991,0
DA:992,0
DA:998,0
DA:1000,0
DA:1001,0
DA:1002,0
DA:1003,0
DA:1009,0
DA:1011,0
DA:1012,0
DA:1013,0
DA:1014,0
DA:1015,0
DA:1016,0
DA:1022,0
DA:1024,0
DA:1025,0
DA:1026,0
DA:1027,0
DA:1028,0
DA:1029,0
DA:1037,0
DA:1039,0
DA:1040,0
DA:1041,0
DA:1042,0
DA:1048,0
DA:1050,0
DA:1051,0
DA:1052,0
DA:1053,0
DA:1058,0
DA:1061,0
DA:1062,0
DA:1063,0
DA:1064,0
DA:1069,0
DA:1072,0
DA:1073,0
DA:1074,0
DA:1075,0
DA:1081,0
DA:1083,0
DA:1084,0
DA:1085,0
DA:1086,0
DA:1091,0
DA:1094,0
DA:1095,0
DA:1096,0
DA:1097,0
DA:1103,0
DA:1105,0
DA:1106,0
DA:1107,0
DA:1108,0
DA:1114,0
DA:1115,0
DA:1120,0
DA:1122,0
DA:1123,0
DA:1125,0
DA:1131,0
DA:1132,0
DA:1137,0
DA:1139,0
DA:1140,0
DA:1141,0
DA:1142,0
DA:1144,0
DA:1150,0
DA:1151,0
DA:1156,0
DA:1158,0
DA:1159,0
DA:1160,0
DA:1161,0
DA:1162,0
DA:1163,0
DA:1169,0
DA:1170,0
DA:1175,0
DA:1176,0
DA:1177,0
DA:1178,0
DA:1179,0
DA:1180,0
DA:1181,0
DA:1187,0
DA:1188,0
DA:1193,0
DA:1194,0
DA:1195,0
DA:1196,0
DA:1197,0
DA:1198,0
DA:1199,0
DA:1205,0
DA:1206,0
DA:1211,0
DA:1212,0
DA:1213,0
DA:1214,0
DA:1215,0
DA:1216,0
DA:1217,0
LF:332
LH:0
end_of_record
SF:lib\utils\svg_util.dart
DA:2,0
LF:1
LH:0
end_of_record
SF:lib\ipc\handler\handlers\create_cookbook_handler.dart
DA:13,2
DA:16,1
DA:17,3
DA:19,1
DA:20,1
DA:21,3
DA:23,2
DA:25,2
DA:26,1
DA:27,3
DA:28,3
DA:29,2
DA:30,3
DA:33,0
DA:36,1
LF:15
LH:14
end_of_record
SF:lib\ipc\handler\handlers\create_recipe_handler.dart
DA:17,2
DA:20,1
DA:21,3
DA:23,1
DA:24,4
DA:26,2
DA:28,2
DA:29,1
DA:30,3
DA:31,3
DA:33,1
DA:34,1
DA:36,0
DA:37,0
DA:38,0
DA:39,0
DA:41,3
DA:44,0
DA:46,1
DA:49,3
LF:20
LH:15
end_of_record
SF:lib\ipc\handler\handlers\execute_recipe_handler.dart
DA:13,1
DA:16,0
DA:17,0
DA:19,0
DA:21,0
DA:23,0
DA:24,0
DA:25,0
DA:26,0
LF:9
LH:1
end_of_record
SF:lib\ipc\handler\handlers\get_execution_by_id_handler.dart
DA:14,1
DA:17,0
DA:18,0
DA:19,0
DA:20,0
DA:22,0
DA:24,0
DA:25,0
DA:26,0
DA:27,0
LF:10
LH:1
end_of_record
SF:lib\ipc\handler\handlers\get_execution_by_recipe_handler.dart
DA:14,2
DA:17,1
DA:18,3
DA:19,2
DA:20,2
DA:22,1
DA:24,2
DA:26,2
DA:28,3
DA:29,3
DA:30,1
LF:11
LH:11
end_of_record
SF:lib\ipc\handler\handlers\get_item_by_id_handler.dart
DA:14,2
DA:17,1
DA:18,2
DA:19,3
DA:20,2
DA:21,2
DA:22,2
DA:24,3
DA:25,3
DA:26,1
LF:10
LH:10
end_of_record
SF:lib\ipc\handler\handlers\get_list_by_owner_handler.dart
DA:14,2
DA:17,1
DA:18,2
DA:19,3
DA:20,2
DA:21,2
DA:22,3
DA:23,3
DA:24,1
LF:9
LH:9
end_of_record
SF:lib\ipc\handler\handlers\get_profile_handler.dart
DA:16,2
DA:19,1
DA:20,2
DA:22,4
DA:24,2
DA:25,1
DA:27,3
DA:28,3
DA:29,1
DA:40,0
DA:42,0
DA:43,0
DA:44,0
DA:45,0
DA:46,0
DA:47,0
DA:50,0
DA:52,0
LF:18
LH:9
end_of_record
SF:lib\ipc\handler\handlers\get_recipe_handler.dart
DA:14,2
DA:17,1
DA:18,2
DA:19,3
DA:20,2
DA:21,2
DA:22,2
DA:24,3
DA:25,3
DA:26,1
LF:10
LH:10
end_of_record
SF:lib\ipc\handler\handlers\get_recipes_handler.dart
DA:14,2
DA:17,1
DA:18,2
DA:19,3
DA:20,2
DA:22,2
DA:23,3
DA:24,3
DA:25,1
LF:9
LH:9
end_of_record
SF:lib\ipc\handler\handlers\get_trades_handler.dart
DA:14,2
DA:17,1
DA:18,2
DA:19,3
DA:20,2
DA:21,2
DA:22,3
DA:23,3
DA:24,1
LF:9
LH:9
end_of_record
SF:lib\ipc\handler\handlers\update_cookbook_handler.dart
DA:13,2
DA:16,1
DA:17,3
DA:19,1
DA:21,2
DA:23,2
DA:24,3
DA:25,3
DA:26,1
LF:9
LH:9
end_of_record
SF:lib\ipc\handler\handlers\update_recipe_handler.dart
DA:13,1
DA:16,0
DA:17,0
DA:19,0
DA:21,0
DA:23,0
DA:24,0
DA:25,0
DA:26,0
LF:9
LH:1
end_of_record
SF:lib\pages\home\collection_screen\collection_view_model.dart
DA:25,0
DA:27,0
DA:28,0
DA:29,0
DA:30,0
DA:34,0
DA:35,0
DA:36,0
DA:39,0
DA:49,0
DA:51,0
DA:52,0
DA:53,0
DA:54,0
DA:55,0
DA:56,0
DA:58,0
DA:63,0
DA:64,0
DA:67,0
DA:68,0
DA:72,0
DA:73,0
DA:76,0
DA:77,0
DA:78,0
DA:79,0
DA:80,0
DA:82,0
DA:83,0
DA:84,0
DA:85,0
DA:87,0
DA:88,0
DA:89,0
DA:90,0
DA:92,0
DA:93,0
DA:95,0
DA:96,0
DA:98,0
DA:99,0
DA:102,0
DA:104,0
DA:105,0
DA:106,0
DA:107,0
DA:108,0
DA:110,0
DA:116,23
LF:50
LH:1
end_of_record
SF:lib\pages\home\home_provider.dart
DA:17,0
DA:20,0
DA:23,0
DA:26,0
DA:28,0
DA:29,0
DA:30,0
DA:33,0
DA:34,0
DA:35,0
DA:38,0
DA:39,0
DA:40,0
DA:43,0
DA:44,0
DA:45,0
DA:46,0
DA:47,0
DA:50,0
DA:53,0
DA:54,0
DA:55,0
DA:56,0
DA:59,0
DA:60,0
LF:25
LH:0
end_of_record
SF:lib\utils\route_util.dart
DA:3,0
LF:1
LH:0
end_of_record
SF:lib\modules\Pylonstech.pylons.pylons\module\client\pylons\item.pb.dart
DA:16,0
DA:25,0
DA:31,0
DA:37,0
DA:39,0
DA:40,0
DA:44,0
DA:46,0
DA:49,0
DA:53,0
DA:55,0
DA:56,0
DA:58,0
DA:59,0
DA:62,0
DA:63,0
DA:67,0
DA:69,0
DA:70,0
DA:71,0
DA:72,0
DA:73,0
DA:74,0
DA:75,0
DA:77,0
DA:80,0
DA:81,0
DA:82,0
DA:84,0
DA:87,0
DA:88,0
DA:89,0
DA:90,0
DA:92,0
DA:93,0
DA:94,0
DA:96,0
DA:99,0
DA:100,0
DA:101,0
DA:102,0
DA:106,0
DA:115,0
DA:121,0
DA:127,0
DA:129,0
DA:130,0
DA:134,0
DA:136,0
DA:139,0
DA:143,0
DA:145,0
DA:146,0
DA:148,0
DA:149,0
DA:152,0
DA:153,0
DA:157,0
DA:159,0
DA:160,0
DA:161,0
DA:162,0
DA:163,0
DA:164,0
DA:165,0
DA:167,0
DA:170,0
DA:171,0
DA:172,0
DA:174,0
DA:177,0
DA:178,0
DA:179,0
DA:180,0
DA:182,0
DA:183,0
DA:184,0
DA:186,0
DA:189,0
DA:190,0
DA:191,0
DA:192,0
DA:196,0
DA:205,0
DA:211,0
DA:217,0
DA:219,0
DA:220,0
DA:224,0
DA:226,0
DA:229,0
DA:233,0
DA:235,0
DA:236,0
DA:238,0
DA:239,0
DA:242,0
DA:243,0
DA:247,0
DA:249,0
DA:250,0
DA:251,0
DA:252,0
DA:253,0
DA:254,0
DA:255,0
DA:257,0
DA:260,0
DA:261,0
DA:262,0
DA:264,0
DA:267,0
DA:268,0
DA:269,0
DA:270,0
DA:272,0
DA:273,0
DA:274,0
DA:276,0
DA:279,0
DA:280,0
DA:281,0
DA:282,0
DA:286,6
DA:295,2
DA:300,2
DA:306,2
DA:312,2
DA:318,2
DA:325,2
DA:332,2
DA:339,2
DA:347,2
DA:352,2
DA:358,2
DA:366,2
DA:372,2
DA:374,4
DA:375,2
DA:389,2
DA:391,2
DA:394,2
DA:397,2
DA:400,2
DA:403,4
DA:406,4
DA:409,4
DA:412,0
DA:415,0
DA:418,0
DA:421,0
DA:424,0
DA:428,0
DA:430,0
DA:431,0
DA:433,0
DA:434,0
DA:437,0
DA:438,0
DA:442,0
DA:444,4
DA:445,2
DA:446,2
DA:447,0
DA:448,0
DA:449,0
DA:451,0
DA:454,0
DA:455,0
DA:456,2
DA:458,2
DA:461,0
DA:462,0
DA:463,0
DA:464,0
DA:466,0
DA:467,0
DA:468,2
DA:470,2
DA:473,0
DA:474,0
DA:475,0
DA:476,0
DA:478,0
DA:479,0
DA:480,2
DA:482,2
DA:485,0
DA:486,0
DA:487,0
DA:488,0
DA:490,0
DA:491,0
DA:492,2
DA:494,2
DA:497,0
DA:498,0
DA:499,0
DA:500,0
DA:502,2
DA:503,2
DA:505,2
DA:506,2
DA:508,2
DA:509,2
DA:511,0
DA:512,0
DA:514,0
DA:515,0
DA:516,0
DA:518,0
DA:521,0
DA:522,0
DA:523,0
DA:524,0
DA:526,0
DA:527,0
DA:528,0
DA:530,0
DA:533,0
DA:534,0
DA:535,0
DA:536,0
DA:538,0
DA:539,0
DA:541,0
DA:542,0
DA:543,0
DA:545,0
DA:548,0
DA:549,0
DA:550,0
DA:551,0
LF:233
LH:41
end_of_record
SF:lib\ipc\ipc_engine.dart
DA:44,0
DA:45,0
DA:47,0
DA:48,0
DA:53,0
DA:54,0
DA:59,0
DA:61,0
DA:62,0
DA:63,0
DA:64,0
DA:65,0
DA:66,0
DA:68,0
DA:72,0
DA:76,0
DA:78,0
DA:80,0
DA:84,0
DA:88,0
DA:90,0
DA:94,0
DA:95,0
DA:96,0
DA:103,0
DA:104,0
DA:105,0
DA:106,0
DA:107,0
DA:108,0
DA:109,0
DA:111,0
DA:118,0
DA:119,0
DA:120,0
DA:126,0
DA:127,0
DA:128,0
DA:134,0
DA:135,0
DA:137,0
DA:142,0
DA:147,0
DA:150,0
DA:151,0
DA:152,0
DA:153,0
DA:157,0
DA:162,0
DA:164,0
DA:166,0
DA:168,0
DA:170,0
DA:171,0
DA:175,0
DA:177,0
DA:179,0
DA:180,0
DA:181,0
DA:184,0
DA:187,0
DA:188,0
DA:189,0
DA:190,0
DA:193,0
DA:197,0
DA:199,0
DA:202,0
DA:203,0
DA:207,0
DA:209,0
DA:210,0
DA:212,0
DA:213,0
DA:214,0
DA:219,0
DA:222,0
DA:223,0
DA:224,0
DA:225,0
DA:226,0
DA:228,0
DA:230,0
DA:232,0
DA:235,0
DA:236,0
DA:237,0
DA:241,0
DA:242,0
DA:243,0
DA:244,0
DA:247,0
DA:253,0
DA:255,0
DA:256,0
DA:257,0
DA:263,0
DA:273,0
DA:274,0
DA:278,0
DA:280,0
DA:281,0
DA:284,0
DA:286,0
DA:288,0
DA:289,0
DA:294,0
DA:296,0
DA:297,0
DA:302,0
DA:305,0
DA:306,0
DA:307,0
DA:309,0
DA:310,0
DA:312,0
DA:313,0
DA:316,0
DA:321,0
DA:322,0
DA:323,0
DA:328,0
DA:329,0
DA:330,0
DA:333,0
DA:335,0
DA:337,0
DA:342,0
DA:343,0
DA:349,0
DA:350,0
DA:351,0
DA:355,0
DA:356,0
DA:357,0
DA:358,0
DA:359,0
DA:360,0
DA:363,0
DA:364,0
DA:365,0
DA:368,0
DA:369,0
DA:370,0
DA:373,0
DA:374,0
DA:375,0
DA:376,0
LF:148
LH:0
end_of_record
SF:lib\ipc\widgets\sdk_approval_dialog.dart
DA:16,0
DA:22,0
DA:23,0
DA:25,0
DA:27,0
DA:28,0
DA:29,0
DA:30,0
DA:31,0
DA:33,0
DA:34,0
DA:35,0
DA:36,0
DA:37,0
DA:38,0
DA:39,0
DA:42,0
DA:47,0
DA:48,0
DA:49,0
DA:51,0
DA:52,0
DA:54,0
DA:55,0
DA:56,0
DA:60,0
DA:63,0
DA:64,0
DA:65,0
DA:68,0
DA:75,0
DA:77,0
DA:78,0
DA:79,0
DA:80,0
DA:81,0
DA:83,0
DA:84,0
DA:92,0
DA:93,0
DA:94,0
DA:95,0
DA:96,0
DA:100,0
DA:101,0
DA:102,0
DA:104,0
DA:105,0
LF:48
LH:0
end_of_record
SF:lib\model\nft.dart
DA:15,23
DA:44,0
DA:65,0
DA:66,0
DA:67,0
DA:68,0
DA:69,0
DA:71,0
DA:72,0
DA:75,0
DA:78,0
DA:79,0
DA:80,0
DA:82,0
DA:83,0
DA:84,0
DA:85,0
DA:86,0
DA:87,0
DA:88,0
DA:89,0
DA:90,0
DA:91,0
DA:97,0
DA:98,0
DA:101,0
DA:102,0
DA:103,0
DA:104,0
DA:106,0
DA:108,0
DA:109,0
DA:110,0
DA:111,0
DA:112,0
DA:113,0
DA:114,0
DA:115,0
DA:116,0
DA:117,0
DA:118,0
DA:120,0
DA:121,0
DA:124,0
DA:125,0
DA:127,0
DA:128,0
DA:129,0
DA:130,0
DA:131,0
DA:132,0
DA:133,0
DA:134,0
DA:135,0
DA:136,0
DA:137,0
DA:138,0
DA:139,0
DA:140,0
DA:141,0
DA:145,0
DA:146,0
DA:147,0
DA:148,0
DA:151,0
DA:152,0
DA:153,0
DA:154,0
DA:157,0
DA:158,0
DA:159,0
DA:161,0
DA:165,0
DA:168,0
DA:169,0
DA:170,0
DA:171,0
DA:172,0
DA:173,0
DA:174,0
DA:175,0
DA:176,0
DA:177,0
DA:178,0
DA:181,0
DA:182,0
DA:183,0
DA:186,0
DA:191,0
DA:192,0
DA:195,0
DA:198,0
DA:203,0
DA:204,0
DA:207,0
LF:95
LH:1
end_of_record
SF:lib\pages\detailed_asset_view\owner_view.dart
DA:24,0
DA:26,0
DA:27,0
DA:31,0
DA:34,0
DA:36,0
DA:37,0
DA:40,0
DA:42,0
DA:43,0
DA:44,0
DA:45,0
DA:46,0
DA:47,0
DA:48,0
DA:49,0
DA:50,0
DA:51,0
DA:52,0
DA:53,0
DA:54,0
DA:56,0
DA:57,0
DA:58,0
DA:59,0
DA:61,0
DA:64,0
DA:67,0
DA:69,0
DA:70,0
DA:71,0
DA:73,0
DA:91,23
DA:93,0
DA:94,0
DA:103,0
DA:105,0
DA:107,0
DA:108,0
DA:109,0
DA:113,0
DA:115,0
DA:116,0
DA:118,0
DA:121,0
DA:124,0
DA:125,0
DA:126,0
DA:128,0
DA:130,0
DA:131,0
DA:133,0
DA:134,0
DA:136,0
DA:139,0
DA:140,0
DA:141,0
DA:146,0
DA:150,0
DA:152,0
DA:156,0
DA:157,0
DA:160,0
DA:161,0
DA:162,0
DA:167,0
DA:168,0
DA:170,0
DA:171,0
DA:172,0
DA:173,0
DA:174,0
DA:176,0
DA:178,0
DA:181,0
DA:182,0
DA:191,0
DA:192,0
DA:193,0
DA:194,0
DA:196,0
DA:197,0
DA:198,0
DA:202,0
DA:203,0
DA:210,0
DA:211,0
DA:212,0
DA:221,0
DA:222,0
DA:224,0
DA:225,0
DA:226,0
DA:228,0
DA:229,0
DA:234,0
DA:235,0
DA:236,0
DA:237,0
DA:238,0
DA:239,0
DA:242,0
DA:244,0
DA:245,0
DA:246,0
DA:247,0
DA:249,0
DA:250,0
DA:251,0
DA:252,0
DA:253,0
DA:255,0
DA:257,0
DA:261,0
DA:262,0
DA:264,0
DA:265,0
DA:266,0
DA:267,0
DA:269,0
DA:270,0
DA:271,0
DA:274,0
DA:275,0
DA:277,0
DA:280,0
DA:281,0
DA:283,0
DA:284,0
DA:286,0
DA:287,0
DA:288,0
DA:291,0
DA:292,0
DA:294,0
DA:300,0
DA:301,0
DA:303,0
DA:304,0
DA:305,0
DA:308,0
DA:309,0
DA:311,0
DA:316,0
DA:317,0
DA:319,0
DA:320,0
DA:321,0
DA:322,0
DA:323,0
DA:326,0
DA:328,0
DA:329,0
DA:330,0
DA:335,0
DA:336,0
DA:338,0
DA:339,0
DA:340,0
DA:342,0
DA:343,0
DA:344,0
DA:345,0
DA:360,0
DA:361,0
DA:362,0
DA:363,0
DA:364,0
DA:368,0
DA:369,0
DA:371,0
DA:372,0
DA:373,0
DA:375,0
DA:376,0
DA:377,0
DA:378,0
DA:389,0
DA:390,0
DA:392,0
DA:394,0
DA:395,0
DA:396,0
DA:397,0
DA:398,0
DA:399,0
DA:400,0
DA:403,0
DA:404,0
DA:406,0
DA:407,0
DA:410,0
DA:411,0
DA:413,0
DA:416,0
DA:417,0
DA:419,0
DA:420,0
DA:421,0
DA:423,0
DA:424,0
DA:425,0
DA:426,0
DA:429,0
DA:430,0
DA:431,0
DA:432,0
DA:436,0
DA:437,0
DA:439,0
DA:440,0
DA:443,0
DA:444,0
DA:446,0
DA:447,0
DA:448,0
DA:450,0
DA:452,0
DA:461,0
DA:462,0
DA:463,0
DA:464,0
DA:466,0
DA:467,0
DA:470,0
DA:471,0
DA:490,0
DA:492,0
DA:493,0
DA:494,0
DA:495,0
DA:497,0
DA:499,0
DA:504,0
DA:505,0
DA:507,0
DA:508,0
DA:510,0
DA:514,0
DA:515,0
DA:517,0
DA:518,0
DA:519,0
DA:520,0
DA:522,0
DA:524,0
DA:525,0
DA:526,0
DA:528,0
DA:530,0
DA:544,0
DA:545,0
DA:546,0
DA:547,0
DA:548,0
DA:549,0
DA:551,0
DA:558,23
DA:566,0
DA:568,0
DA:570,0
DA:571,0
DA:572,0
DA:573,0
DA:574,0
DA:575,0
DA:580,0
DA:589,0
DA:591,0
DA:593,0
DA:595,0
DA:596,0
DA:597,0
DA:598,0
DA:600,0
DA:601,0
DA:602,0
DA:604,0
DA:605,0
DA:606,0
DA:607,0
DA:609,0
DA:610,0
DA:611,0
DA:614,0
DA:618,0
DA:620,0
LF:287
LH:2
end_of_record
SF:lib\pages\purchase_item\purchase_item_screen.dart
DA:35,0
DA:37,0
DA:38,0
DA:42,0
DA:44,0
DA:46,0
DA:48,0
DA:49,0
DA:53,0
DA:55,0
DA:56,0
DA:65,0
DA:68,0
DA:70,0
DA:72,0
DA:73,0
DA:78,0
DA:79,0
DA:80,0
DA:81,0
DA:82,0
DA:83,0
DA:84,0
DA:86,0
DA:88,0
DA:89,0
DA:90,0
DA:99,23
DA:101,0
DA:102,0
DA:111,0
DA:113,0
DA:115,0
DA:117,0
DA:118,0
DA:119,0
DA:120,0
DA:121,0
DA:122,0
DA:124,0
DA:125,0
DA:126,0
DA:127,0
DA:129,0
DA:130,0
DA:131,0
DA:132,0
DA:134,0
DA:137,0
DA:140,0
DA:155,0
DA:156,0
DA:158,0
DA:160,0
DA:161,0
DA:162,0
DA:163,0
DA:172,23
DA:174,0
DA:175,0
DA:184,0
DA:186,0
DA:191,0
DA:193,0
DA:195,0
DA:196,0
DA:199,0
DA:202,0
DA:203,0
DA:204,0
DA:206,0
DA:208,0
DA:209,0
DA:211,0
DA:212,0
DA:214,0
DA:217,0
DA:218,0
DA:219,0
DA:224,0
DA:228,0
DA:229,0
DA:230,0
DA:232,0
DA:233,0
DA:234,0
DA:236,0
DA:237,0
DA:238,0
DA:240,0
DA:241,0
DA:242,0
DA:244,0
DA:245,0
DA:246,0
DA:248,0
DA:252,0
DA:253,0
DA:256,0
DA:257,0
DA:258,0
DA:259,0
DA:260,0
DA:262,0
DA:263,0
DA:264,0
DA:265,0
DA:267,0
DA:270,0
DA:271,0
DA:272,0
DA:273,0
DA:274,0
DA:275,0
DA:276,0
DA:277,0
DA:279,0
DA:280,0
DA:281,0
DA:286,0
DA:289,0
DA:290,0
DA:291,0
DA:292,0
DA:294,0
DA:295,0
DA:297,0
DA:312,0
DA:313,0
DA:320,0
DA:321,0
DA:322,0
DA:323,0
DA:325,0
DA:326,0
DA:327,0
DA:328,0
DA:331,0
DA:332,0
DA:333,0
DA:334,0
DA:338,0
DA:339,0
DA:341,0
DA:342,0
DA:349,0
DA:350,0
DA:351,0
DA:352,0
DA:354,0
DA:355,0
DA:356,0
DA:360,0
DA:361,0
DA:368,0
DA:369,0
DA:370,0
DA:379,0
DA:380,0
DA:382,0
DA:383,0
DA:384,0
DA:386,0
DA:387,0
DA:392,0
DA:393,0
DA:394,0
DA:395,0
DA:396,0
DA:397,0
DA:400,0
DA:402,0
DA:403,0
DA:404,0
DA:405,0
DA:407,0
DA:408,0
DA:409,0
DA:410,0
DA:411,0
DA:413,0
DA:415,0
DA:419,0
DA:420,0
DA:422,0
DA:423,0
DA:424,0
DA:425,0
DA:427,0
DA:428,0
DA:429,0
DA:432,0
DA:433,0
DA:435,0
DA:438,0
DA:439,0
DA:441,0
DA:442,0
DA:444,0
DA:445,0
DA:446,0
DA:449,0
DA:450,0
DA:452,0
DA:458,0
DA:459,0
DA:461,0
DA:462,0
DA:463,0
DA:466,0
DA:467,0
DA:469,0
DA:474,0
DA:475,0
DA:477,0
DA:478,0
DA:479,0
DA:480,0
DA:481,0
DA:484,0
DA:486,0
DA:487,0
DA:488,0
DA:493,0
DA:494,0
DA:496,0
DA:497,0
DA:498,0
DA:500,0
DA:501,0
DA:502,0
DA:503,0
DA:518,0
DA:519,0
DA:520,0
DA:521,0
DA:522,0
DA:526,0
DA:527,0
DA:529,0
DA:530,0
DA:531,0
DA:533,0
DA:534,0
DA:535,0
DA:536,0
DA:547,0
DA:548,0
DA:550,0
DA:552,0
DA:553,0
DA:554,0
DA:555,0
DA:556,0
DA:557,0
DA:558,0
DA:561,0
DA:562,0
DA:564,0
DA:565,0
DA:568,0
DA:569,0
DA:571,0
DA:574,0
DA:575,0
DA:577,0
DA:578,0
DA:579,0
DA:581,0
DA:582,0
DA:583,0
DA:584,0
DA:587,0
DA:588,0
DA:589,0
DA:590,0
DA:594,0
DA:595,0
DA:597,0
DA:598,0
DA:601,0
DA:602,0
DA:604,0
DA:605,0
DA:606,0
DA:608,0
DA:610,0
DA:628,0
DA:630,0
DA:631,0
DA:632,0
DA:633,0
DA:635,0
DA:638,0
DA:641,0
DA:642,0
DA:644,0
DA:645,0
DA:647,0
DA:651,0
DA:652,0
DA:654,0
DA:655,0
DA:656,0
DA:657,0
DA:659,0
DA:661,0
DA:662,0
DA:663,0
DA:665,0
DA:667,0
DA:680,0
DA:681,0
DA:682,0
DA:684,0
DA:685,0
DA:687,0
DA:688,0
DA:689,0
DA:690,0
DA:691,0
DA:692,0
DA:693,0
DA:694,0
DA:695,0
DA:696,0
DA:700,0
DA:702,0
DA:703,0
DA:704,0
DA:706,0
DA:709,0
DA:710,0
DA:711,0
DA:719,0
DA:721,0
DA:723,0
DA:724,0
DA:725,0
DA:726,0
DA:727,0
DA:728,0
DA:733,0
LF:343
LH:2
end_of_record
SF:lib\utils\screen_size_utils.dart
DA:6,0
DA:8,0
DA:9,0
DA:10,0
DA:11,0
LF:5
LH:0
end_of_record
SF:lib\main_prod.dart
DA:19,0
DA:20,0
DA:23,0
DA:24,0
DA:29,0
DA:30,0
DA:34,0
DA:38,0
DA:39,0
DA:40,0
DA:41,0
DA:42,0
DA:48,0
DA:56,0
DA:58,0
DA:59,0
DA:60,0
LF:17
LH:0
end_of_record
SF:lib\utils\dependency_injection\dependency_injection.dart
DA:45,0
DA:48,0
DA:50,0
DA:51,0
DA:52,0
DA:53,0
DA:54,0
DA:55,0
DA:56,0
DA:58,0
DA:60,0
DA:61,0
DA:62,0
DA:63,0
DA:65,0
DA:66,0
DA:68,0
DA:69,0
DA:70,0
DA:71,0
DA:74,0
DA:75,0
DA:76,0
DA:77,0
DA:78,0
DA:81,0
DA:82,0
DA:83,0
DA:84,0
DA:86,0
DA:87,0
DA:89,0
DA:92,0
DA:93,0
DA:96,0
DA:99,0
DA:100,0
DA:103,0
DA:104,0
DA:107,0
DA:108,0
DA:112,0
DA:113,0
DA:114,0
DA:115,0
DA:116,0
DA:119,0
DA:122,0
DA:123,0
DA:124,0
DA:125,0
DA:126,0
DA:129,0
DA:130,0
DA:133,0
DA:134,0
DA:135,0
DA:136,0
DA:137,0
DA:138,0
DA:139,0
DA:140,0
DA:145,0
LF:63
LH:0
end_of_record
SF:lib\model\amount.dart
DA:6,0
DA:8,0
DA:10,0
DA:12,0
DA:13,0
DA:15,0
DA:20,0
DA:24,0
DA:28,0
DA:29,0
LF:10
LH:0
end_of_record
SF:lib\model\balance_json.dart
DA:5,0
DA:7,0
DA:8,0
DA:9,0
LF:4
LH:0
end_of_record
SF:lib\model\coininputs_json.dart
DA:8,0
DA:12,0
DA:13,0
DA:14,0
DA:17,0
DA:18,0
DA:23,0
DA:24,0
DA:25,0
LF:9
LH:0
end_of_record
SF:lib\model\coins_json.dart
DA:8,0
DA:10,0
DA:11,0
DA:12,0
DA:15,0
DA:16,0
DA:17,0
DA:18,0
LF:8
LH:0
end_of_record
SF:lib\model\denom.dart
DA:4,0
DA:10,0
DA:11,0
DA:12,0
DA:15,0
DA:16,0
LF:6
LH:0
end_of_record
SF:lib\model\doubles_json.dart
DA:12,0
DA:18,0
DA:19,0
DA:20,0
DA:21,0
DA:22,0
DA:23,0
DA:26,0
DA:29,0
DA:30,0
DA:31,0
DA:32,0
DA:33,0
LF:13
LH:0
end_of_record
SF:lib\model\weightranges_json.dart
DA:10,0
DA:16,0
DA:17,0
DA:18,0
DA:19,0
DA:22,0
DA:23,0
DA:24,0
DA:25,0
DA:26,0
LF:10
LH:0
end_of_record
SF:lib\model\entries_json.dart
DA:12,0
DA:18,0
DA:21,0
DA:22,0
DA:23,0
DA:27,0
DA:28,0
DA:29,0
DA:30,0
DA:33,0
DA:34,0
DA:35,0
DA:41,0
DA:42,0
DA:43,0
DA:44,0
DA:45,0
DA:46,0
LF:18
LH:0
end_of_record
SF:lib\model\itemoutputs_json.dart
DA:29,0
DA:42,0
DA:43,0
DA:44,0
DA:45,0
DA:46,0
DA:47,0
DA:50,0
DA:51,0
DA:53,0
DA:54,0
DA:58,0
DA:59,0
DA:61,0
DA:64,0
DA:65,0
DA:69,0
DA:70,0
DA:76,0
DA:77,0
DA:78,0
DA:79,0
DA:82,0
DA:83,0
DA:84,0
DA:85,0
DA:88,0
DA:89,0
DA:90,0
DA:91,0
DA:92,0
DA:93,0
DA:94,0
DA:95,0
DA:96,0
DA:97,0
DA:98,0
DA:99,0
LF:38
LH:0
end_of_record
SF:lib\modules\Pylonstech.pylons.pylons\module\client\pylons\execution.pb.dart
DA:17,0
DA:26,0
DA:32,0
DA:39,0
DA:46,0
DA:53,0
DA:55,0
DA:56,0
DA:62,0
DA:64,0
DA:67,0
DA:70,0
DA:73,0
DA:77,0
DA:79,0
DA:80,0
DA:82,0
DA:83,0
DA:86,0
DA:87,0
DA:91,0
DA:93,0
DA:94,0
DA:95,0
DA:96,0
DA:97,0
DA:98,0
DA:100,0
DA:103,0
DA:104,0
DA:105,0
DA:107,0
DA:110,0
DA:111,0
DA:112,0
DA:113,0
DA:115,0
DA:116,0
DA:118,0
DA:119,0
DA:121,0
DA:122,0
DA:126,0
DA:135,0
DA:140,0
DA:146,0
DA:152,0
DA:158,0
DA:164,0
DA:170,0
DA:176,0
DA:184,0
DA:192,0
DA:200,0
DA:206,0
DA:212,0
DA:214,0
DA:215,0
DA:229,0
DA:231,0
DA:234,0
DA:237,0
DA:240,0
DA:243,0
DA:246,0
DA:249,0
DA:252,0
DA:255,0
DA:258,0
DA:261,0
DA:264,0
DA:268,0
DA:270,0
DA:271,0
DA:273,0
DA:274,0
DA:277,0
DA:278,0
DA:282,0
DA:284,0
DA:285,0
DA:286,0
DA:287,0
DA:288,0
DA:289,0
DA:291,0
DA:294,0
DA:295,0
DA:296,0
DA:298,0
DA:301,0
DA:302,0
DA:303,0
DA:304,0
DA:306,0
DA:307,0
DA:308,0
DA:310,0
DA:313,0
DA:314,0
DA:315,0
DA:316,0
DA:318,0
DA:319,0
DA:320,0
DA:322,0
DA:325,0
DA:326,0
DA:327,0
DA:328,0
DA:330,0
DA:331,0
DA:332,0
DA:334,0
DA:337,0
DA:338,0
DA:339,0
DA:340,0
DA:342,0
DA:343,0
DA:344,0
DA:346,0
DA:349,0
DA:350,0
DA:351,0
DA:352,0
DA:354,0
DA:355,0
DA:356,0
DA:358,0
DA:361,0
DA:362,0
DA:363,0
DA:364,0
DA:366,0
DA:367,0
DA:368,0
DA:370,0
DA:373,0
DA:374,0
DA:375,0
DA:376,0
DA:378,0
DA:379,0
DA:381,0
DA:382,0
DA:384,0
DA:385,0
DA:387,0
DA:388,0
DA:390,0
DA:391,0
LF:152
LH:0
end_of_record
SF:lib\model\longs_json.dart
DA:12,0
DA:18,0
DA:21,0
DA:22,0
DA:25,0
DA:26,0
DA:27,0
DA:28,0
DA:31,0
DA:34,0
DA:35,0
DA:36,0
DA:37,0
DA:38,0
LF:14
LH:0
end_of_record
SF:lib\model\outputs_json.dart
DA:5,0
DA:7,0
DA:8,0
DA:9,0
DA:12,0
DA:13,0
DA:14,0
DA:15,0
LF:8
LH:0
end_of_record
SF:lib\model\recipe_json.dart
DA:9,0
DA:11,0
DA:12,0
DA:15,0
DA:16,0
DA:17,0
DA:52,0
DA:68,0
DA:69,0
DA:70,0
DA:71,0
DA:72,0
DA:73,0
DA:74,0
DA:75,0
DA:76,0
DA:77,0
DA:78,0
DA:79,0
DA:85,0
DA:86,0
DA:87,0
DA:88,0
DA:95,0
DA:98,0
DA:99,0
DA:100,0
DA:101,0
DA:102,0
DA:110,0
DA:111,0
DA:112,0
DA:115,0
DA:116,0
DA:117,0
DA:118,0
DA:119,0
DA:120,0
DA:121,0
DA:122,0
DA:123,0
DA:124,0
DA:125,0
DA:126,0
DA:127,0
DA:128,0
DA:129,0
DA:135,0
DA:136,0
DA:137,0
DA:138,0
DA:140,0
DA:141,0
DA:142,0
DA:143,0
DA:145,0
DA:146,0
DA:147,0
DA:148,0
DA:150,0
DA:151,0
DA:152,0
DA:153,0
DA:155,0
DA:156,0
DA:157,0
DA:158,0
DA:160,0
DA:161,0
DA:162,0
DA:163,0
DA:165,0
DA:166,0
DA:167,0
DA:168,0
DA:170,0
DA:171,0
DA:172,0
DA:173,0
DA:174,0
DA:176,0
DA:177,0
DA:178,0
DA:179,0
DA:180,0
DA:182,0
DA:184,0
DA:186,0
DA:187,0
DA:189,0
DA:190,0
LF:91
LH:0
end_of_record
SF:lib\model\strings_json.dart
DA:11,0
DA:17,0
DA:18,0
DA:19,0
DA:20,0
DA:23,0
DA:24,0
DA:25,0
DA:26,0
DA:27,0
LF:10
LH:0
end_of_record
SF:lib\model\stripe_account_link_request.dart
DA:5,1
DA:7,0
LF:2
LH:1
end_of_record
SF:lib\model\stripe_account_link_response.dart
DA:8,1
DA:11,0
DA:13,0
DA:14,0
DA:15,0
DA:16,0
DA:17,0
DA:18,0
DA:19,0
DA:20,0
DA:21,0
DA:22,0
DA:25,0
LF:13
LH:1
end_of_record
SF:lib\model\stripe_create_payment_intent_request.dart
DA:6,1
DA:11,0
DA:12,0
DA:13,0
DA:14,0
LF:5
LH:1
end_of_record
SF:lib\model\stripe_create_payment_intent_response.dart
DA:7,1
DA:10,0
DA:12,0
DA:13,0
DA:14,0
DA:15,0
DA:16,0
DA:17,0
DA:20,0
LF:9
LH:1
end_of_record
SF:lib\model\stripe_generate_payment_receipt_request.dart
DA:5,1
DA:8,0
DA:9,0
LF:3
LH:1
end_of_record
SF:lib\model\stripe_generate_payment_receipt_response.dart
DA:12,1
DA:21,0
DA:23,0
DA:24,0
DA:25,0
DA:26,0
DA:27,0
DA:28,0
DA:29,0
DA:30,0
DA:31,0
DA:32,0
DA:33,0
DA:34,0
DA:35,0
DA:36,0
DA:37,0
DA:38,0
DA:39,0
DA:40,0
DA:41,0
DA:42,0
DA:43,0
DA:44,0
DA:45,0
DA:46,0
DA:47,0
DA:48,0
DA:51,0
DA:54,0
DA:55,0
DA:56,0
DA:57,0
DA:58,0
DA:59,0
DA:60,0
LF:36
LH:1
end_of_record
SF:lib\model\stripe_generate_payout_token_request.dart
DA:7,1
LF:1
LH:1
end_of_record
SF:lib\model\stripe_generate_payout_token_response.dart
DA:9,1
DA:15,0
DA:17,0
DA:18,0
DA:19,0
DA:20,0
DA:21,0
DA:22,0
DA:23,0
DA:24,0
DA:25,0
DA:26,0
DA:27,0
DA:30,0
LF:14
LH:1
end_of_record
SF:lib\model\stripe_generate_registration_token_response.dart
DA:7,1
DA:10,0
DA:12,0
DA:13,0
DA:14,0
DA:15,0
DA:16,0
DA:17,0
DA:20,0
DA:23,0
DA:26,0
DA:27,0
DA:28,0
DA:29,0
DA:30,0
LF:15
LH:1
end_of_record
SF:lib\model\stripe_generate_update_token_response.dart
DA:7,1
DA:12,0
DA:13,0
DA:14,0
DA:16,0
DA:19,0
DA:20,0
LF:7
LH:1
end_of_record
SF:lib\model\stripe_payout_request.dart
DA:9,1
DA:15,0
DA:16,0
DA:17,0
DA:18,0
DA:19,0
LF:6
LH:1
end_of_record
SF:lib\model\stripe_payout_response.dart
DA:7,1
DA:9,0
DA:10,0
DA:11,0
DA:12,0
DA:13,0
DA:14,0
DA:15,0
DA:18,0
LF:9
LH:1
end_of_record
SF:lib\model\stripe_register_account_response.dart
DA:7,1
DA:13,0
DA:16,0
DA:17,0
DA:18,0
DA:19,0
DA:20,0
DA:21,0
DA:22,0
DA:23,0
DA:24,0
LF:11
LH:1
end_of_record
SF:lib\model\stripe_register_acount_request.dart
DA:6,1
DA:9,0
DA:10,0
LF:3
LH:1
end_of_record
SF:lib\model\stripe_update_account_response.dart
DA:8,2
DA:11,0
DA:13,0
DA:14,0
DA:15,0
DA:16,0
DA:17,0
DA:18,0
DA:19,0
DA:20,0
DA:21,0
DA:22,0
DA:25,0
DA:28,1
DA:29,1
DA:30,1
DA:31,4
DA:32,0
DA:33,1
DA:34,1
DA:35,4
DA:36,0
DA:37,1
LF:23
LH:9
end_of_record
SF:lib\model\mnemonic.dart
DA:10,1
LF:1
LH:1
end_of_record
SF:lib\modules\Pylonstech.pylons.pylons\module\client\pylons\recipe.pb.dart
DA:17,0
DA:26,0
DA:31,0
DA:37,0
DA:43,0
DA:45,0
DA:46,0
DA:47,0
DA:49,0
DA:50,0
DA:52,0
DA:53,0
DA:56,0
DA:57,0
DA:60,0
DA:61,0
DA:62,0
DA:63,0
DA:64,0
DA:65,0
DA:66,0
DA:68,0
DA:71,0
DA:72,0
DA:73,0
DA:75,0
DA:78,0
DA:79,0
DA:80,0
DA:81,0
DA:83,0
DA:84,0
DA:85,0
DA:87,0
DA:90,0
DA:91,0
DA:92,0
DA:93,0
DA:95,0
DA:96,0
DA:97,0
DA:99,0
DA:102,0
DA:103,0
DA:104,0
DA:105,0
DA:109,0
DA:118,0
DA:123,0
DA:129,0
DA:135,0
DA:137,0
DA:138,0
DA:139,0
DA:141,0
DA:142,0
DA:144,0
DA:145,0
DA:148,0
DA:149,0
DA:152,0
DA:153,0
DA:154,0
DA:155,0
DA:156,0
DA:157,0
DA:158,0
DA:160,0
DA:163,0
DA:164,0
DA:165,0
DA:167,0
DA:170,0
DA:171,0
DA:172,0
DA:173,0
DA:175,0
DA:176,0
DA:177,0
DA:179,0
DA:182,0
DA:183,0
DA:184,0
DA:185,0
DA:187,0
DA:188,0
DA:189,0
DA:191,0
DA:194,0
DA:195,0
DA:196,0
DA:197,0
DA:201,0
DA:210,0
DA:215,0
DA:220,0
DA:222,0
DA:223,0
DA:224,0
DA:226,0
DA:227,0
DA:229,0
DA:230,0
DA:233,0
DA:234,0
DA:237,0
DA:238,0
DA:239,0
DA:240,0
DA:241,0
DA:242,0
DA:243,0
DA:245,0
DA:248,0
DA:249,0
DA:250,0
DA:252,0
DA:255,0
DA:256,0
DA:257,0
DA:258,0
DA:260,0
DA:261,0
DA:262,0
DA:264,0
DA:267,0
DA:268,0
DA:269,0
DA:270,0
DA:274,0
DA:283,0
DA:289,0
DA:296,0
DA:303,0
DA:310,0
DA:312,0
DA:313,0
DA:314,0
DA:316,0
DA:317,0
DA:319,0
DA:320,0
DA:323,0
DA:324,0
DA:327,0
DA:328,0
DA:329,0
DA:330,0
DA:331,0
DA:332,0
DA:334,0
DA:337,0
DA:338,0
DA:339,0
DA:341,0
DA:344,0
DA:345,0
DA:346,0
DA:347,0
DA:349,0
DA:350,0
DA:352,0
DA:353,0
DA:355,0
DA:356,0
DA:360,0
DA:369,0
DA:374,0
DA:379,0
DA:386,0
DA:388,0
DA:389,0
DA:390,0
DA:392,0
DA:393,0
DA:395,0
DA:396,0
DA:399,0
DA:400,0
DA:403,0
DA:404,0
DA:405,0
DA:406,0
DA:407,0
DA:408,0
DA:409,0
DA:411,0
DA:414,0
DA:415,0
DA:416,0
DA:418,0
DA:421,0
DA:422,0
DA:423,0
DA:424,0
DA:426,0
DA:427,0
DA:428,0
DA:430,0
DA:433,0
DA:434,0
DA:435,0
DA:436,0
DA:438,0
DA:439,0
DA:440,0
DA:442,0
DA:445,0
DA:446,0
DA:447,0
DA:448,0
DA:452,0
DA:461,0
DA:466,0
DA:474,0
DA:479,0
DA:481,0
DA:482,0
DA:483,0
DA:485,0
DA:486,0
DA:488,0
DA:489,0
DA:492,0
DA:493,0
DA:496,0
DA:497,0
DA:498,0
DA:499,0
DA:500,0
DA:501,0
DA:503,0
DA:506,0
DA:507,0
DA:508,0
DA:510,0
DA:513,0
DA:514,0
DA:515,0
DA:516,0
DA:518,0
DA:519,0
DA:521,0
DA:522,0
DA:523,0
DA:525,0
DA:528,0
DA:529,0
DA:530,0
DA:531,0
DA:535,0
DA:544,0
DA:549,0
DA:554,0
DA:561,0
DA:563,0
DA:564,0
DA:565,0
DA:567,0
DA:568,0
DA:570,0
DA:571,0
DA:574,0
DA:575,0
DA:578,0
DA:579,0
DA:580,0
DA:581,0
DA:582,0
DA:583,0
DA:584,0
DA:586,0
DA:589,0
DA:590,0
DA:591,0
DA:593,0
DA:596,0
DA:597,0
DA:598,0
DA:599,0
DA:601,0
DA:602,0
DA:603,0
DA:605,0
DA:608,0
DA:609,0
DA:610,0
DA:611,0
DA:613,0
DA:614,0
DA:615,0
DA:617,0
DA:620,0
DA:621,0
DA:622,0
DA:623,0
DA:627,0
DA:636,0
DA:641,0
DA:649,0
DA:654,0
DA:656,0
DA:657,0
DA:658,0
DA:660,0
DA:661,0
DA:663,0
DA:664,0
DA:667,0
DA:668,0
DA:671,0
DA:672,0
DA:673,0
DA:674,0
DA:675,0
DA:676,0
DA:678,0
DA:681,0
DA:682,0
DA:683,0
DA:685,0
DA:688,0
DA:689,0
DA:690,0
DA:691,0
DA:693,0
DA:694,0
DA:696,0
DA:697,0
DA:698,0
DA:700,0
DA:703,0
DA:704,0
DA:705,0
DA:706,0
DA:710,0
DA:719,0
DA:724,0
DA:729,0
DA:734,0
DA:736,0
DA:737,0
DA:738,0
DA:740,0
DA:741,0
DA:743,0
DA:744,0
DA:747,0
DA:748,0
DA:751,0
DA:752,0
DA:753,0
DA:754,0
DA:755,0
DA:756,0
DA:758,0
DA:761,0
DA:762,0
DA:763,0
DA:765,0
DA:768,0
DA:769,0
DA:770,0
DA:771,0
DA:773,0
DA:774,0
DA:775,0
DA:777,0
DA:780,0
DA:781,0
DA:782,0
DA:783,0
DA:785,0
DA:786,0
DA:787,0
DA:789,0
DA:792,0
DA:793,0
DA:794,0
DA:795,0
DA:799,0
DA:808,0
DA:814,0
DA:820,0
DA:825,0
DA:827,0
DA:828,0
DA:829,0
DA:831,0
DA:832,0
DA:834,0
DA:835,0
DA:838,0
DA:839,0
DA:842,0
DA:843,0
DA:844,0
DA:845,0
DA:846,0
DA:847,0
DA:849,0
DA:852,0
DA:853,0
DA:854,0
DA:856,0
DA:859,0
DA:860,0
DA:861,0
DA:862,0
DA:864,0
DA:865,0
DA:866,0
DA:868,0
DA:871,0
DA:872,0
DA:873,0
DA:874,0
DA:875,0
DA:876,0
DA:878,0
DA:879,0
DA:880,0
DA:882,0
DA:885,0
DA:886,0
DA:887,0
DA:888,0
DA:892,0
DA:901,0
DA:907,0
DA:914,0
DA:921,0
DA:928,0
DA:936,0
DA:944,0
DA:950,0
DA:957,0
DA:965,0
DA:970,0
DA:972,0
DA:973,0
DA:985,0
DA:987,0
DA:990,0
DA:993,0
DA:996,0
DA:999,0
DA:1002,0
DA:1005,0
DA:1008,0
DA:1011,0
DA:1014,0
DA:1018,0
DA:1020,0
DA:1021,0
DA:1023,0
DA:1024,0
DA:1027,0
DA:1028,0
DA:1031,0
DA:1032,0
DA:1033,0
DA:1034,0
DA:1035,0
DA:1036,0
DA:1038,0
DA:1041,0
DA:1042,0
DA:1043,0
DA:1045,0
DA:1048,0
DA:1049,0
DA:1050,0
DA:1051,0
DA:1053,0
DA:1054,0
DA:1056,0
DA:1057,0
DA:1059,0
DA:1060,0
DA:1062,0
DA:1063,0
DA:1065,0
DA:1066,0
DA:1068,0
DA:1069,0
DA:1070,0
DA:1072,0
DA:1075,0
DA:1076,0
DA:1077,0
DA:1078,0
DA:1080,0
DA:1081,0
DA:1082,0
DA:1084,0
DA:1087,0
DA:1088,0
DA:1089,0
DA:1090,0
DA:1092,0
DA:1093,0
DA:1094,0
DA:1096,0
DA:1099,0
DA:1100,0
DA:1101,0
DA:1102,0
DA:1104,0
DA:1105,0
DA:1106,0
DA:1108,0
DA:1111,0
DA:1112,0
DA:1113,0
DA:1114,0
DA:1118,0
DA:1127,0
DA:1133,0
DA:1139,0
DA:1146,0
DA:1153,0
DA:1160,0
DA:1168,0
DA:1176,0
DA:1182,0
DA:1189,0
DA:1197,0
DA:1202,0
DA:1204,0
DA:1205,0
DA:1206,0
DA:1208,0
DA:1209,0
DA:1211,0
DA:1212,0
DA:1215,0
DA:1216,0
DA:1219,0
DA:1220,0
DA:1221,0
DA:1222,0
DA:1223,0
DA:1224,0
DA:1225,0
DA:1227,0
DA:1230,0
DA:1231,0
DA:1232,0
DA:1234,0
DA:1237,0
DA:1238,0
DA:1239,0
DA:1240,0
DA:1242,0
DA:1243,0
DA:1244,0
DA:1246,0
DA:1249,0
DA:1250,0
DA:1251,0
DA:1252,0
DA:1254,0
DA:1255,0
DA:1257,0
DA:1258,0
DA:1260,0
DA:1261,0
DA:1263,0
DA:1264,0
DA:1266,0
DA:1267,0
DA:1269,0
DA:1270,0
DA:1271,0
DA:1273,0
DA:1276,0
DA:1277,0
DA:1278,0
DA:1279,0
DA:1281,0
DA:1282,0
DA:1283,0
DA:1285,0
DA:1288,0
DA:1289,0
DA:1290,0
DA:1291,0
DA:1293,0
DA:1294,0
DA:1295,0
DA:1297,0
DA:1300,0
DA:1301,0
DA:1302,0
DA:1303,0
DA:1305,0
DA:1306,0
DA:1307,0
DA:1309,0
DA:1312,0
DA:1313,0
DA:1314,0
DA:1315,0
DA:1319,0
DA:1328,0
DA:1336,0
DA:1344,0
DA:1352,0
DA:1354,0
DA:1355,0
DA:1360,0
DA:1362,0
DA:1365,0
DA:1368,0
DA:1372,0
DA:1374,0
DA:1375,0
DA:1377,0
DA:1378,0
DA:1381,0
DA:1382,0
DA:1385,0
DA:1386,0
DA:1387,0
DA:1388,0
DA:1389,0
DA:1390,0
DA:1392,0
DA:1395,0
DA:1396,0
DA:1398,0
DA:1399,0
DA:1401,0
DA:1402,0
DA:1406,0
DA:1415,0
DA:1421,0
DA:1428,0
DA:1430,0
DA:1431,0
DA:1435,0
DA:1437,0
DA:1440,0
DA:1444,0
DA:1446,0
DA:1447,0
DA:1449,0
DA:1450,0
DA:1453,0
DA:1454,0
DA:1457,0
DA:1458,0
DA:1459,0
DA:1460,0
DA:1461,0
DA:1462,0
DA:1463,0
DA:1465,0
DA:1468,0
DA:1469,0
DA:1471,0
DA:1472,0
DA:1473,0
DA:1475,0
DA:1478,0
DA:1479,0
DA:1480,0
DA:1481,0
DA:1485,0
DA:1494,0
DA:1501,0
DA:1503,0
DA:1504,0
DA:1505,0
DA:1507,0
DA:1508,0
DA:1510,0
DA:1511,0
DA:1514,0
DA:1515,0
DA:1518,0
DA:1519,0
DA:1520,0
DA:1521,0
DA:1522,0
DA:1523,0
DA:1525,0
DA:1528,0
DA:1529,0
DA:1533,0
DA:1542,0
DA:1548,0
DA:1554,0
DA:1562,0
DA:1567,0
DA:1572,0
DA:1577,0
DA:1585,0
DA:1593,0
DA:1599,0
DA:1606,0
DA:1612,0
DA:1619,0
DA:1624,0
DA:1630,0
DA:1632,0
DA:1633,0
DA:1648,0
DA:1650,0
DA:1653,0
DA:1657,0
DA:1660,0
DA:1663,0
DA:1666,0
DA:1669,0
DA:1672,0
DA:1675,0
DA:1678,0
DA:1681,0
DA:1684,0
DA:1688,0
DA:1693,0
DA:1695,0
DA:1696,0
DA:1698,0
DA:1699,0
DA:1702,0
DA:1703,0
DA:1706,0
DA:1707,0
DA:1708,0
DA:1709,0
DA:1710,0
DA:1711,0
DA:1713,0
DA:1716,0
DA:1717,0
DA:1718,0
DA:1720,0
DA:1723,0
DA:1724,0
DA:1725,0
DA:1726,0
DA:1728,0
DA:1729,0
DA:1730,0
DA:1732,0
DA:1735,0
DA:1736,0
DA:1737,0
DA:1738,0
DA:1740,0
DA:1741,0
DA:1742,0
DA:1744,0
DA:1747,0
DA:1748,0
DA:1749,0
DA:1750,0
DA:1752,0
DA:1753,0
DA:1754,0
DA:1756,0
DA:1759,0
DA:1760,0
DA:1761,0
DA:1762,0
DA:1764,0
DA:1765,0
DA:1766,0
DA:1768,0
DA:1771,0
DA:1772,0
DA:1773,0
DA:1774,0
DA:1776,0
DA:1777,0
DA:1778,0
DA:1780,0
DA:1783,0
DA:1784,0
DA:1785,0
DA:1786,0
DA:1788,0
DA:1789,0
DA:1791,0
DA:1792,0
DA:1794,0
DA:1795,0
DA:1796,0
DA:1798,0
DA:1801,0
DA:1802,0
DA:1803,0
DA:1804,0
DA:1805,0
DA:1806,0
DA:1808,0
DA:1809,0
DA:1811,0
DA:1812,0
DA:1813,0
DA:1815,0
DA:1818,0
DA:1819,0
DA:1820,0
DA:1821,0
DA:1823,0
DA:1824,0
DA:1825,0
DA:1827,0
DA:1830,0
DA:1831,0
DA:1832,0
DA:1833,0
DA:1834,0
DA:1835,0
DA:1837,0
DA:1838,0
DA:1839,0
DA:1841,0
DA:1844,0
DA:1845,0
DA:1846,0
DA:1847,0
DA:1849,0
DA:1850,0
DA:1851,0
DA:1853,0
DA:1856,0
DA:1857,0
DA:1858,0
DA:1859,0
LF:834
LH:0
end_of_record
SF:lib\modules\Pylonstech.pylons.pylons\module\client\pylons\trade.pb.dart
DA:17,0
DA:26,0
DA:32,0
DA:38,0
DA:40,0
DA:41,0
DA:45,0
DA:47,0
DA:50,0
DA:54,0
DA:56,0
DA:57,0
DA:59,0
DA:60,0
DA:63,0
DA:64,0
DA:68,0
DA:70,0
DA:71,0
DA:72,0
DA:73,0
DA:74,0
DA:75,0
DA:77,0
DA:80,0
DA:81,0
DA:82,0
DA:84,0
DA:87,0
DA:88,0
DA:89,0
DA:90,0
DA:92,0
DA:93,0
DA:94,0
DA:96,0
DA:99,0
DA:100,0
DA:101,0
DA:102,0
DA:106,0
DA:115,0
DA:120,0
DA:128,0
DA:136,0
DA:144,0
DA:152,0
DA:160,0
DA:166,0
DA:171,0
DA:179,0
DA:181,0
DA:182,0
DA:193,0
DA:195,0
DA:198,0
DA:201,0
DA:204,0
DA:207,0
DA:210,0
DA:213,0
DA:216,0
DA:219,0
DA:223,0
DA:225,0
DA:226,0
DA:228,0
DA:229,0
DA:232,0
DA:233,0
DA:237,0
DA:239,0
DA:240,0
DA:241,0
DA:242,0
DA:243,0
DA:244,0
DA:246,0
DA:249,0
DA:250,0
DA:251,0
DA:253,0
DA:256,0
DA:257,0
DA:258,0
DA:259,0
DA:261,0
DA:262,0
DA:263,0
DA:265,0
DA:268,0
DA:269,0
DA:270,0
DA:271,0
DA:273,0
DA:274,0
DA:276,0
DA:277,0
DA:279,0
DA:280,0
DA:282,0
DA:283,0
DA:285,0
DA:286,0
DA:287,0
DA:289,0
DA:292,0
DA:293,0
DA:294,0
DA:295,0
DA:297,0
DA:298,0
DA:299,0
DA:301,0
DA:304,0
DA:305,0
DA:306,0
DA:307,0
DA:309,0
DA:310,0
LF:120
LH:0
end_of_record
SF:lib\utils\formatter.dart
DA:5,0
DA:6,0
DA:11,0
DA:12,0
DA:13,0
DA:16,0
DA:17,0
DA:18,0
DA:21,0
DA:22,0
DA:23,0
DA:24,0
DA:29,0
DA:30,0
DA:32,0
DA:34,0
DA:35,0
DA:40,0
DA:41,0
DA:43,0
DA:45,0
DA:46,0
LF:22
LH:0
end_of_record
SF:lib\model\pick_image_model.dart
DA:9,0
LF:1
LH:0
end_of_record
SF:lib\utils\query_helper.dart
DA:11,0
DA:13,0
DA:18,0
DA:19,0
DA:26,0
DA:31,0
DA:34,0
DA:36,0
DA:37,0
DA:39,0
DA:43,0
DA:44,0
DA:51,0
DA:53,0
DA:54,0
DA:55,0
DA:56,0
DA:58,0
DA:62,0
DA:63,0
LF:20
LH:0
end_of_record
SF:lib\model\stripe_loginlink_request.dart
DA:5,0
DA:7,0
LF:2
LH:0
end_of_record
SF:lib\model\stripe_loginlink_response.dart
DA:8,0
DA:11,0
DA:13,0
DA:14,0
DA:15,0
DA:16,0
DA:17,0
DA:18,0
DA:19,0
DA:20,0
DA:21,0
DA:22,0
DA:25,0
LF:13
LH:0
end_of_record
SF:lib\model\transaction_history_item.dart
DA:4,23
DA:7,0
DA:20,0
LF:3
LH:1
end_of_record
SF:lib\model\tx_response_json.dart
DA:5,0
DA:11,0
DA:12,0
DA:13,0
DA:14,0
DA:25,0
DA:30,0
DA:31,0
DA:32,0
DA:42,0
DA:44,0
DA:45,0
DA:53,0
DA:60,0
DA:61,0
DA:62,0
DA:63,0
DA:64,0
DA:65,0
DA:76,0
DA:81,0
DA:82,0
DA:83,0
LF:23
LH:0
end_of_record
SF:lib\modules\Pylonstech.pylons.pylons\module\client\cosmos\base\query\v1beta1\pagination.pb.dart
DA:14,0
DA:23,0
DA:29,0
DA:36,0
DA:43,0
DA:48,0
DA:53,0
DA:55,0
DA:56,0
DA:63,0
DA:65,0
DA:68,0
DA:71,0
DA:74,0
DA:77,0
DA:81,0
DA:83,0
DA:84,0
DA:86,0
DA:87,0
DA:90,0
DA:91,0
DA:95,0
DA:97,0
DA:98,0
DA:99,0
DA:100,0
DA:101,0
DA:102,0
DA:104,0
DA:107,0
DA:108,0
DA:109,0
DA:111,0
DA:114,0
DA:115,0
DA:116,0
DA:117,0
DA:119,0
DA:120,0
DA:121,0
DA:123,0
DA:126,0
DA:127,0
DA:128,0
DA:129,0
DA:131,0
DA:132,0
DA:133,0
DA:135,0
DA:138,0
DA:139,0
DA:140,0
DA:141,0
DA:143,0
DA:144,0
DA:145,0
DA:147,0
DA:150,0
DA:151,0
DA:152,0
DA:153,0
DA:155,0
DA:156,0
DA:157,0
DA:159,0
DA:162,0
DA:163,0
DA:164,0
DA:165,0
DA:169,0
DA:178,0
DA:184,0
DA:191,0
DA:193,0
DA:194,0
DA:198,0
DA:200,0
DA:203,0
DA:207,0
DA:209,0
DA:210,0
DA:212,0
DA:213,0
DA:216,0
DA:217,0
DA:221,0
DA:223,0
DA:224,0
DA:225,0
DA:226,0
DA:227,0
DA:228,0
DA:229,0
DA:231,0
DA:234,0
DA:235,0
DA:236,0
DA:238,0
DA:241,0
DA:242,0
DA:243,0
DA:244,0
DA:246,0
DA:247,0
DA:248,0
DA:250,0
DA:253,0
DA:254,0
DA:255,0
DA:256,0
LF:111
LH:0
end_of_record
SF:lib\modules\Pylonstech.pylons.pylons\module\client\cosmos\base\query\v1beta1\pagination.pbjson.dart
DA:25,0
DA:37,0
LF:2
LH:0
end_of_record
SF:lib\modules\Pylonstech.pylons.pylons\module\client\cosmos\base\v1beta1\coin.pb.dart
DA:13,0
DA:22,0
DA:27,0
DA:32,0
DA:34,0
DA:35,0
DA:39,0
DA:41,0
DA:44,0
DA:48,0
DA:50,0
DA:51,0
DA:53,0
DA:54,0
DA:57,0
DA:58,0
DA:62,0
DA:64,0
DA:65,0
DA:66,0
DA:67,0
DA:68,0
DA:69,0
DA:71,0
DA:74,0
DA:75,0
DA:76,0
DA:78,0
DA:81,0
DA:82,0
DA:83,0
DA:84,0
DA:86,0
DA:87,0
DA:88,0
DA:90,0
DA:93,0
DA:94,0
DA:95,0
DA:96,0
DA:100,0
DA:109,0
DA:114,0
DA:119,0
DA:121,0
DA:122,0
DA:126,0
DA:128,0
DA:131,0
DA:135,0
DA:137,0
DA:138,0
DA:140,0
DA:141,0
DA:144,0
DA:145,0
DA:149,0
DA:151,0
DA:152,0
DA:153,0
DA:154,0
DA:155,0
DA:156,0
DA:158,0
DA:161,0
DA:162,0
DA:163,0
DA:165,0
DA:168,0
DA:169,0
DA:170,0
DA:171,0
DA:173,0
DA:174,0
DA:175,0
DA:177,0
DA:180,0
DA:181,0
DA:182,0
DA:183,0
DA:187,0
DA:196,0
DA:201,0
DA:203,0
DA:204,0
DA:207,0
DA:209,0
DA:213,0
DA:215,0
DA:216,0
DA:218,0
DA:219,0
DA:222,0
DA:223,0
DA:227,0
DA:229,0
DA:230,0
DA:231,0
DA:232,0
DA:233,0
DA:234,0
DA:236,0
DA:239,0
DA:240,0
DA:241,0
DA:243,0
DA:246,0
DA:247,0
DA:248,0
DA:249,0
DA:253,0
DA:262,0
DA:267,0
DA:269,0
DA:270,0
DA:273,0
DA:275,0
DA:279,0
DA:281,0
DA:282,0
DA:284,0
DA:285,0
DA:288,0
DA:289,0
DA:293,0
DA:295,0
DA:296,0
DA:297,0
DA:298,0
DA:299,0
DA:300,0
DA:302,0
DA:305,0
DA:306,0
DA:307,0
DA:309,0
DA:312,0
DA:313,0
DA:314,0
DA:315,0
LF:140
LH:0
end_of_record
SF:lib\modules\Pylonstech.pylons.pylons\module\client\cosmos\base\v1beta1\coin.pbjson.dart
DA:30,0
DA:50,0
DA:61,0
DA:62,0
DA:72,0
DA:73,0
LF:6
LH:0
end_of_record
SF:lib\modules\Pylonstech.pylons.pylons\module\client\gogoproto\gogo.pb.dart
DA:13,0
DA:22,0
DA:31,0
DA:40,0
DA:49,0
DA:58,0
DA:67,0
DA:76,0
DA:85,0
DA:94,0
DA:103,0
DA:112,0
DA:121,0
DA:130,0
DA:139,0
DA:148,0
DA:157,0
DA:166,0
DA:175,0
DA:184,0
DA:193,0
DA:202,0
DA:211,0
DA:220,0
DA:229,0
DA:238,0
DA:247,0
DA:256,0
DA:265,0
DA:274,0
DA:283,0
DA:292,0
DA:301,0
DA:310,0
DA:319,0
DA:328,0
DA:337,0
DA:346,0
DA:355,0
DA:364,0
DA:373,0
DA:382,0
DA:391,0
DA:400,0
DA:409,0
DA:418,0
DA:427,0
DA:436,0
DA:445,0
DA:454,0
DA:463,0
DA:472,0
DA:481,0
DA:490,0
DA:499,0
DA:508,0
DA:517,0
DA:526,0
DA:535,0
DA:544,0
DA:553,0
DA:562,0
DA:571,0
DA:580,0
DA:589,0
DA:598,0
DA:607,0
DA:616,0
DA:625,0
DA:634,0
DA:643,0
DA:652,0
DA:661,0
DA:670,0
DA:679,0
DA:688,0
DA:697,0
DA:706,0
DA:707,0
DA:708,0
DA:709,0
DA:710,0
DA:711,0
DA:712,0
DA:713,0
DA:714,0
DA:715,0
DA:716,0
DA:717,0
DA:718,0
DA:719,0
DA:720,0
DA:721,0
DA:722,0
DA:723,0
DA:724,0
DA:725,0
DA:726,0
DA:727,0
DA:728,0
DA:729,0
DA:730,0
DA:731,0
DA:732,0
DA:733,0
DA:734,0
DA:735,0
DA:736,0
DA:737,0
DA:738,0
DA:739,0
DA:740,0
DA:741,0
DA:742,0
DA:743,0
DA:744,0
DA:745,0
DA:746,0
DA:747,0
DA:748,0
DA:749,0
DA:750,0
DA:751,0
DA:752,0
DA:753,0
DA:754,0
DA:755,0
DA:756,0
DA:757,0
DA:758,0
DA:759,0
DA:760,0
DA:761,0
DA:762,0
DA:763,0
DA:764,0
DA:765,0
DA:766,0
DA:767,0
DA:768,0
DA:769,0
DA:770,0
DA:771,0
DA:772,0
DA:773,0
DA:774,0
DA:775,0
DA:776,0
DA:777,0
DA:778,0
DA:779,0
DA:780,0
DA:781,0
DA:782,0
DA:783,0
LF:155
LH:0
end_of_record
SF:lib\modules\Pylonstech.pylons.pylons\module\client\google\api\annotations.pb.dart
DA:15,0
DA:26,0
DA:27,0
LF:3
LH:0
end_of_record
SF:lib\modules\Pylonstech.pylons.pylons\module\client\google\api\http.pb.dart
DA:13,0
DA:22,0
DA:29,0
DA:34,0
DA:36,0
DA:37,0
DA:41,0
DA:43,0
DA:46,0
DA:50,0
DA:52,0
DA:53,0
DA:55,0
DA:56,0
DA:59,0
DA:60,0
DA:64,0
DA:66,0
DA:67,0
DA:68,0
DA:69,0
DA:70,0
DA:71,0
DA:73,0
DA:76,0
DA:77,0
DA:79,0
DA:80,0
DA:81,0
DA:83,0
DA:86,0
DA:87,0
DA:88,0
DA:89,0
DA:92,23
DA:104,0
DA:113,0
DA:114,0
DA:119,0
DA:124,0
DA:129,0
DA:134,0
DA:139,0
DA:144,0
DA:149,0
DA:155,0
DA:162,0
DA:167,0
DA:169,0
DA:170,0
DA:182,0
DA:184,0
DA:187,0
DA:190,0
DA:193,0
DA:196,0
DA:199,0
DA:202,0
DA:205,0
DA:208,0
DA:211,0
DA:215,0
DA:217,0
DA:218,0
DA:220,0
DA:221,0
DA:224,0
DA:225,0
DA:229,0
DA:231,0
DA:232,0
DA:233,0
DA:234,0
DA:235,0
DA:236,0
DA:238,0
DA:241,0
DA:242,0
DA:244,0
DA:245,0
DA:246,0
DA:248,0
DA:251,0
DA:252,0
DA:253,0
DA:254,0
DA:256,0
DA:257,0
DA:258,0
DA:260,0
DA:263,0
DA:264,0
DA:265,0
DA:266,0
DA:268,0
DA:269,0
DA:270,0
DA:272,0
DA:275,0
DA:276,0
DA:277,0
DA:278,0
DA:280,0
DA:281,0
DA:282,0
DA:284,0
DA:287,0
DA:288,0
DA:289,0
DA:290,0
DA:292,0
DA:293,0
DA:294,0
DA:296,0
DA:299,0
DA:300,0
DA:301,0
DA:302,0
DA:304,0
DA:305,0
DA:306,0
DA:308,0
DA:311,0
DA:312,0
DA:313,0
DA:314,0
DA:316,0
DA:317,0
DA:318,0
DA:320,0
DA:323,0
DA:324,0
DA:325,0
DA:326,0
DA:328,0
DA:329,0
DA:330,0
DA:332,0
DA:335,0
DA:336,0
DA:337,0
DA:338,0
DA:339,0
DA:340,0
DA:342,0
DA:343,0
DA:345,0
DA:346,0
DA:347,0
DA:349,0
DA:352,0
DA:353,0
DA:354,0
DA:355,0
DA:359,0
DA:368,0
DA:373,0
DA:378,0
DA:380,0
DA:381,0
DA:385,0
DA:387,0
DA:390,0
DA:394,0
DA:396,0
DA:397,0
DA:399,0
DA:400,0
DA:403,0
DA:404,0
DA:408,0
DA:410,0
DA:411,0
DA:412,0
DA:413,0
DA:414,0
DA:415,0
DA:416,0
DA:418,0
DA:421,0
DA:422,0
DA:423,0
DA:425,0
DA:428,0
DA:429,0
DA:430,0
DA:431,0
DA:433,0
DA:434,0
DA:435,0
DA:437,0
DA:440,0
DA:441,0
DA:442,0
DA:443,0
LF:195
LH:1
end_of_record
SF:lib\modules\Pylonstech.pylons.pylons\module\client\google\api\http.pbjson.dart
DA:35,0
DA:73,0
DA:85,0
LF:3
LH:0
end_of_record
SF:lib\modules\Pylonstech.pylons.pylons\module\client\google\protobuf\descriptor.pb.dart
DA:18,0
DA:27,0
DA:35,0
DA:36,0
DA:39,0
DA:41,0
DA:45,0
DA:47,0
DA:48,0
DA:50,0
DA:51,0
DA:54,0
DA:55,0
DA:59,0
DA:61,0
DA:62,0
DA:63,0
DA:64,0
DA:65,0
DA:66,0
DA:67,0
DA:69,0
DA:72,0
DA:73,0
DA:77,0
DA:86,0
DA:91,0
DA:96,0
DA:101,0
DA:108,0
DA:115,0
DA:122,0
DA:129,0
DA:135,0
DA:141,0
DA:147,0
DA:153,0
DA:159,0
DA:160,0
DA:174,0
DA:176,0
DA:179,0
DA:182,0
DA:185,0
DA:188,0
DA:191,0
DA:194,0
DA:197,0
DA:200,0
DA:203,0
DA:206,0
DA:209,0
DA:213,0
DA:215,0
DA:216,0
DA:218,0
DA:219,0
DA:222,0
DA:223,0
DA:227,0
DA:229,0
DA:230,0
DA:231,0
DA:232,0
DA:233,0
DA:234,0
DA:235,0
DA:237,0
DA:240,0
DA:241,0
DA:242,0
DA:244,0
DA:247,0
DA:248,0
DA:249,0
DA:250,0
DA:252,0
DA:253,0
DA:254,0
DA:256,0
DA:259,0
DA:260,0
DA:261,0
DA:262,0
DA:264,0
DA:265,0
DA:267,0
DA:268,0
DA:270,0
DA:271,0
DA:273,0
DA:274,0
DA:276,0
DA:277,0
DA:279,0
DA:280,0
DA:281,0
DA:283,0
DA:286,0
DA:287,0
DA:288,0
DA:289,0
DA:290,0
DA:291,0
DA:293,0
DA:294,0
DA:295,0
DA:297,0
DA:300,0
DA:301,0
DA:302,0
DA:303,0
DA:304,0
DA:305,0
DA:307,0
DA:308,0
DA:310,0
DA:311,0
DA:313,0
DA:314,0
DA:315,0
DA:317,0
DA:320,0
DA:321,0
DA:322,0
DA:323,0
DA:327,0
DA:336,0
DA:342,0
DA:348,0
DA:355,0
DA:356,0
DA:361,0
DA:363,0
DA:366,0
DA:369,0
DA:373,0
DA:375,0
DA:376,0
DA:378,0
DA:379,0
DA:383,0
DA:384,0
DA:389,0
DA:390,0
DA:392,0
DA:393,0
DA:395,0
DA:396,0
DA:397,0
DA:398,0
DA:399,0
DA:401,0
DA:404,0
DA:405,0
DA:406,0
DA:408,0
DA:411,0
DA:412,0
DA:413,0
DA:414,0
DA:416,0
DA:417,0
DA:418,0
DA:420,0
DA:423,0
DA:424,0
DA:425,0
DA:426,0
DA:428,0
DA:429,0
DA:430,0
DA:432,0
DA:435,0
DA:436,0
DA:437,0
DA:438,0
DA:439,0
DA:440,0
DA:444,0
DA:453,0
DA:459,0
DA:465,0
DA:467,0
DA:468,0
DA:472,0
DA:474,0
DA:477,0
DA:481,0
DA:483,0
DA:484,0
DA:486,0
DA:487,0
DA:491,0
DA:492,0
DA:497,0
DA:498,0
DA:500,0
DA:501,0
DA:503,0
DA:504,0
DA:505,0
DA:506,0
DA:507,0
DA:509,0
DA:512,0
DA:513,0
DA:514,0
DA:516,0
DA:519,0
DA:520,0
DA:521,0
DA:522,0
DA:524,0
DA:525,0
DA:526,0
DA:528,0
DA:531,0
DA:532,0
DA:533,0
DA:534,0
DA:538,0
DA:547,0
DA:552,0
DA:559,0
DA:566,0
DA:573,0
DA:580,0
DA:587,0
DA:593,0
DA:600,0
DA:607,0
DA:613,0
DA:614,0
DA:626,0
DA:628,0
DA:631,0
DA:634,0
DA:637,0
DA:640,0
DA:643,0
DA:646,0
DA:649,0
DA:652,0
DA:655,0
DA:659,0
DA:661,0
DA:662,0
DA:664,0
DA:665,0
DA:668,0
DA:669,0
DA:673,0
DA:675,0
DA:676,0
DA:677,0
DA:678,0
DA:679,0
DA:680,0
DA:681,0
DA:683,0
DA:686,0
DA:687,0
DA:688,0
DA:690,0
DA:693,0
DA:694,0
DA:695,0
DA:696,0
DA:698,0
DA:699,0
DA:701,0
DA:702,0
DA:704,0
DA:705,0
DA:707,0
DA:708,0
DA:710,0
DA:711,0
DA:713,0
DA:714,0
DA:715,0
DA:717,0
DA:720,0
DA:721,0
DA:722,0
DA:723,0
DA:724,0
DA:725,0
DA:727,0
DA:728,0
DA:730,0
DA:731,0
DA:733,0
DA:734,0
DA:738,0
DA:747,0
DA:754,0
DA:756,0
DA:757,0
DA:760,0
DA:762,0
DA:766,0
DA:768,0
DA:769,0
DA:771,0
DA:772,0
DA:776,0
DA:777,0
DA:782,0
DA:784,0
DA:785,0
DA:786,0
DA:787,0
DA:788,0
DA:789,0
DA:790,0
DA:792,0
DA:795,0
DA:796,0
DA:800,0
DA:809,0
DA:814,0
DA:819,0
DA:825,0
DA:834,0
DA:843,0
DA:848,0
DA:853,0
DA:859,0
DA:865,0
DA:870,0
DA:876,0
DA:877,0
DA:890,0
DA:892,0
DA:895,0
DA:898,0
DA:901,0
DA:904,0
DA:907,0
DA:910,0
DA:913,0
DA:916,0
DA:919,0
DA:922,0
DA:926,0
DA:928,0
DA:929,0
DA:931,0
DA:932,0
DA:936,0
DA:937,0
DA:941,0
DA:943,0
DA:944,0
DA:945,0
DA:946,0
DA:947,0
DA:948,0
DA:949,0
DA:951,0
DA:954,0
DA:955,0
DA:956,0
DA:958,0
DA:961,0
DA:962,0
DA:963,0
DA:964,0
DA:966,0
DA:967,0
DA:968,0
DA:970,0
DA:973,0
DA:974,0
DA:975,0
DA:976,0
DA:978,0
DA:979,0
DA:980,0
DA:982,0
DA:985,0
DA:986,0
DA:987,0
DA:988,0
DA:990,0
DA:991,0
DA:992,0
DA:994,0
DA:997,0
DA:998,0
DA:999,0
DA:1000,0
DA:1002,0
DA:1003,0
DA:1004,0
DA:1006,0
DA:1009,0
DA:1010,0
DA:1011,0
DA:1012,0
DA:1014,0
DA:1015,0
DA:1016,0
DA:1018,0
DA:1021,0
DA:1022,0
DA:1023,0
DA:1024,0
DA:1026,0
DA:1027,0
DA:1028,0
DA:1030,0
DA:1033,0
DA:1034,0
DA:1035,0
DA:1036,0
DA:1038,0
DA:1039,0
DA:1040,0
DA:1042,0
DA:1045,0
DA:1046,0
DA:1047,0
DA:1048,0
DA:1049,0
DA:1050,0
DA:1052,0
DA:1053,0
DA:1054,0
DA:1056,0
DA:1059,0
DA:1060,0
DA:1061,0
DA:1062,0
DA:1064,0
DA:1065,0
DA:1066,0
DA:1068,0
DA:1071,0
DA:1072,0
DA:1073,0
DA:1074,0
DA:1076,0
DA:1077,0
DA:1078,0
DA:1080,0
DA:1083,0
DA:1084,0
DA:1085,0
DA:1086,0
DA:1090,0
DA:1099,0
DA:1104,0
DA:1111,0
DA:1112,0
DA:1116,0
DA:1118,0
DA:1121,0
DA:1125,0
DA:1127,0
DA:1128,0
DA:1130,0
DA:1131,0
DA:1135,0
DA:1136,0
DA:1140,0
DA:1142,0
DA:1143,0
DA:1144,0
DA:1145,0
DA:1146,0
DA:1147,0
DA:1148,0
DA:1150,0
DA:1153,0
DA:1154,0
DA:1155,0
DA:1157,0
DA:1160,0
DA:1161,0
DA:1162,0
DA:1163,0
DA:1165,0
DA:1166,0
DA:1167,0
DA:1169,0
DA:1172,0
DA:1173,0
DA:1174,0
DA:1175,0
DA:1176,0
DA:1177,0
DA:1181,0
DA:1190,0
DA:1196,0
DA:1202,0
DA:1204,0
DA:1205,0
DA:1209,0
DA:1211,0
DA:1214,0
DA:1218,0
DA:1221,0
DA:1222,0
DA:1224,0
DA:1225,0
DA:1229,0
DA:1230,0
DA:1235,0
DA:1236,0
DA:1238,0
DA:1239,0
DA:1241,0
DA:1242,0
DA:1243,0
DA:1244,0
DA:1245,0
DA:1247,0
DA:1251,0
DA:1252,0
DA:1253,0
DA:1255,0
DA:1258,0
DA:1259,0
DA:1260,0
DA:1261,0
DA:1263,0
DA:1264,0
DA:1265,0
DA:1267,0
DA:1270,0
DA:1271,0
DA:1272,0
DA:1273,0
DA:1277,0
DA:1286,0
DA:1291,0
DA:1298,0
DA:1304,0
DA:1311,0
DA:1317,0
DA:1318,0
DA:1325,0
DA:1327,0
DA:1330,0
DA:1333,0
DA:1336,0
DA:1339,0
DA:1343,0
DA:1345,0
DA:1346,0
DA:1348,0
DA:1349,0
DA:1352,0
DA:1353,0
DA:1357,0
DA:1359,0
DA:1360,0
DA:1361,0
DA:1362,0
DA:1363,0
DA:1364,0
DA:1365,0
DA:1367,0
DA:1370,0
DA:1371,0
DA:1372,0
DA:1374,0
DA:1377,0
DA:1378,0
DA:1379,0
DA:1380,0
DA:1382,0
DA:1383,0
DA:1385,0
DA:1386,0
DA:1387,0
DA:1389,0
DA:1392,0
DA:1393,0
DA:1394,0
DA:1395,0
DA:1396,0
DA:1397,0
DA:1399,0
DA:1401,0
DA:1403,0
DA:1404,0
DA:1408,0
DA:1417,0
DA:1422,0
DA:1428,0
DA:1435,0
DA:1436,0
DA:1441,0
DA:1443,0
DA:1446,0
DA:1449,0
DA:1453,0
DA:1455,0
DA:1456,0
DA:1458,0
DA:1459,0
DA:1463,0
DA:1464,0
DA:1469,0
DA:1471,0
DA:1472,0
DA:1473,0
DA:1474,0
DA:1475,0
DA:1476,0
DA:1477,0
DA:1479,0
DA:1482,0
DA:1483,0
DA:1484,0
DA:1486,0
DA:1489,0
DA:1490,0
DA:1491,0
DA:1492,0
DA:1494,0
DA:1495,0
DA:1496,0
DA:1498,0
DA:1501,0
DA:1502,0
DA:1503,0
DA:1504,0
DA:1506,0
DA:1507,0
DA:1508,0
DA:1510,0
DA:1513,0
DA:1514,0
DA:1515,0
DA:1516,0
DA:1517,0
DA:1518,0
DA:1522,0
DA:1531,0
DA:1536,0
DA:1543,0
DA:1550,0
DA:1551,0
DA:1556,0
DA:1558,0
DA:1561,0
DA:1564,0
DA:1568,0
DA:1570,0
DA:1571,0
DA:1573,0
DA:1574,0
DA:1578,0
DA:1579,0
DA:1584,0
DA:1586,0
DA:1587,0
DA:1588,0
DA:1589,0
DA:1590,0
DA:1591,0
DA:1592,0
DA:1594,0
DA:1597,0
DA:1598,0
DA:1599,0
DA:1601,0
DA:1604,0
DA:1605,0
DA:1606,0
DA:1607,0
DA:1609,0
DA:1610,0
DA:1612,0
DA:1613,0
DA:1614,0
DA:1616,0
DA:1619,0
DA:1620,0
DA:1621,0
DA:1622,0
DA:1623,0
DA:1624,0
DA:1628,0
DA:1637,0
DA:1642,0
DA:1647,0
DA:1652,0
DA:1658,0
DA:1663,0
DA:1669,0
DA:1670,0
DA:1678,0
DA:1680,0
DA:1683,0
DA:1686,0
DA:1689,0
DA:1692,0
DA:1695,0
DA:1699,0
DA:1701,0
DA:1702,0
DA:1704,0
DA:1705,0
DA:1709,0
DA:1710,0
DA:1715,0
DA:1717,0
DA:1718,0
DA:1719,0
DA:1720,0
DA:1721,0
DA:1722,0
DA:1723,0
DA:1725,0
DA:1728,0
DA:1729,0
DA:1730,0
DA:1732,0
DA:1735,0
DA:1736,0
DA:1737,0
DA:1738,0
DA:1740,0
DA:1741,0
DA:1742,0
DA:1744,0
DA:1747,0
DA:1748,0
DA:1749,0
DA:1750,0
DA:1752,0
DA:1753,0
DA:1754,0
DA:1756,0
DA:1759,0
DA:1760,0
DA:1761,0
DA:1762,0
DA:1764,0
DA:1765,0
DA:1766,0
DA:1768,0
DA:1771,0
DA:1772,0
DA:1773,0
DA:1774,0
DA:1775,0
DA:1776,0
DA:1778,0
DA:1779,0
DA:1780,0
DA:1782,0
DA:1785,0
DA:1786,0
DA:1787,0
DA:1788,0
DA:1790,0
DA:1791,0
DA:1792,0
DA:1794,0
DA:1797,0
DA:1798,0
DA:1799,0
DA:1800,0
DA:1804,0
DA:1813,0
DA:1818,0
DA:1823,0
DA:1832,0
DA:1837,0
DA:1842,0
DA:1847,0
DA:1852,0
DA:1857,0
DA:1862,0
DA:1867,0
DA:1872,0
DA:1879,0
DA:1884,0
DA:1889,0
DA:1894,0
DA:1899,0
DA:1904,0
DA:1909,0
DA:1914,0
DA:1919,0
DA:1926,0
DA:1928,0
DA:1929,0
DA:1953,0
DA:1955,0
DA:1958,0
DA:1961,0
DA:1964,0
DA:1967,0
DA:1970,0
DA:1973,0
DA:1976,0
DA:1980,0
DA:1983,0
DA:1986,0
DA:1989,0
DA:1992,0
DA:1995,0
DA:1998,0
DA:2001,0
DA:2004,0
DA:2007,0
DA:2010,0
DA:2013,0
DA:2016,0
DA:2020,0
DA:2022,0
DA:2023,0
DA:2025,0
DA:2026,0
DA:2029,0
DA:2030,0
DA:2034,0
DA:2036,0
DA:2037,0
DA:2038,0
DA:2039,0
DA:2040,0
DA:2041,0
DA:2043,0
DA:2046,0
DA:2047,0
DA:2048,0
DA:2050,0
DA:2053,0
DA:2054,0
DA:2055,0
DA:2056,0
DA:2058,0
DA:2059,0
DA:2060,0
DA:2062,0
DA:2065,0
DA:2066,0
DA:2067,0
DA:2068,0
DA:2070,0
DA:2071,0
DA:2072,0
DA:2074,0
DA:2077,0
DA:2078,0
DA:2079,0
DA:2080,0
DA:2082,0
DA:2083,0
DA:2084,0
DA:2086,0
DA:2089,0
DA:2090,0
DA:2091,0
DA:2092,0
DA:2094,0
DA:2095,0
DA:2096,0
DA:2098,0
DA:2101,0
DA:2102,0
DA:2103,0
DA:2104,0
DA:2106,0
DA:2107,0
DA:2108,0
DA:2110,0
DA:2113,0
DA:2114,0
DA:2115,0
DA:2116,0
DA:2118,0
DA:2119,0
DA:2120,0
DA:2122,0
DA:2125,0
DA:2126,0
DA:2127,0
DA:2128,0
DA:2130,0
DA:2131,0
DA:2132,0
DA:2134,0
DA:2137,0
DA:2138,0
DA:2139,0
DA:2140,0
DA:2142,0
DA:2144,0
DA:2145,0
DA:2148,0
DA:2151,0
DA:2153,0
DA:2154,0
DA:2156,0
DA:2158,0
DA:2159,0
DA:2160,0
DA:2162,0
DA:2165,0
DA:2166,0
DA:2167,0
DA:2168,0
DA:2170,0
DA:2171,0
DA:2172,0
DA:2174,0
DA:2177,0
DA:2178,0
DA:2179,0
DA:2180,0
DA:2182,0
DA:2183,0
DA:2184,0
DA:2186,0
DA:2189,0
DA:2190,0
DA:2191,0
DA:2192,0
DA:2194,0
DA:2195,0
DA:2196,0
DA:2198,0
DA:2201,0
DA:2202,0
DA:2203,0
DA:2204,0
DA:2206,0
DA:2207,0
DA:2208,0
DA:2210,0
DA:2213,0
DA:2214,0
DA:2215,0
DA:2216,0
DA:2218,0
DA:2219,0
DA:2220,0
DA:2222,0
DA:2225,0
DA:2226,0
DA:2227,0
DA:2228,0
DA:2230,0
DA:2231,0
DA:2232,0
DA:2234,0
DA:2237,0
DA:2238,0
DA:2239,0
DA:2240,0
DA:2242,0
DA:2243,0
DA:2244,0
DA:2246,0
DA:2249,0
DA:2250,0
DA:2251,0
DA:2252,0
DA:2254,0
DA:2255,0
DA:2256,0
DA:2258,0
DA:2261,0
DA:2262,0
DA:2263,0
DA:2264,0
DA:2266,0
DA:2267,0
DA:2268,0
DA:2270,0
DA:2273,0
DA:2274,0
DA:2275,0
DA:2276,0
DA:2278,0
DA:2279,0
DA:2280,0
DA:2282,0
DA:2285,0
DA:2286,0
DA:2287,0
DA:2288,0
DA:2290,0
DA:2291,0
DA:2295,0
DA:2304,0
DA:2309,0
DA:2314,0
DA:2319,0
DA:2324,0
DA:2331,0
DA:2333,0
DA:2334,0
DA:2341,0
DA:2343,0
DA:2346,0
DA:2349,0
DA:2352,0
DA:2355,0
DA:2359,0
DA:2361,0
DA:2362,0
DA:2364,0
DA:2365,0
DA:2368,0
DA:2369,0
DA:2373,0
DA:2375,0
DA:2376,0
DA:2377,0
DA:2378,0
DA:2379,0
DA:2380,0
DA:2381,0
DA:2383,0
DA:2386,0
DA:2387,0
DA:2388,0
DA:2390,0
DA:2393,0
DA:2394,0
DA:2395,0
DA:2396,0
DA:2398,0
DA:2399,0
DA:2400,0
DA:2402,0
DA:2405,0
DA:2406,0
DA:2407,0
DA:2408,0
DA:2410,0
DA:2411,0
DA:2412,0
DA:2414,0
DA:2417,0
DA:2418,0
DA:2419,0
DA:2420,0
DA:2422,0
DA:2423,0
DA:2424,0
DA:2426,0
DA:2429,0
DA:2430,0
DA:2431,0
DA:2432,0
DA:2434,0
DA:2435,0
DA:2439,0
DA:2448,0
DA:2457,0
DA:2462,0
DA:2467,0
DA:2472,0
DA:2481,0
DA:2486,0
DA:2493,0
DA:2495,0
DA:2496,0
DA:2505,0
DA:2507,0
DA:2510,0
DA:2513,0
DA:2516,0
DA:2519,0
DA:2522,0
DA:2525,0
DA:2529,0
DA:2531,0
DA:2532,0
DA:2534,0
DA:2535,0
DA:2538,0
DA:2539,0
DA:2543,0
DA:2545,0
DA:2546,0
DA:2547,0
DA:2548,0
DA:2549,0
DA:2550,0
DA:2551,0
DA:2553,0
DA:2556,0
DA:2557,0
DA:2558,0
DA:2560,0
DA:2563,0
DA:2564,0
DA:2565,0
DA:2566,0
DA:2568,0
DA:2569,0
DA:2570,0
DA:2572,0
DA:2575,0
DA:2576,0
DA:2577,0
DA:2578,0
DA:2580,0
DA:2581,0
DA:2582,0
DA:2584,0
DA:2587,0
DA:2588,0
DA:2589,0
DA:2590,0
DA:2592,0
DA:2593,0
DA:2594,0
DA:2596,0
DA:2599,0
DA:2600,0
DA:2601,0
DA:2602,0
DA:2604,0
DA:2605,0
DA:2606,0
DA:2608,0
DA:2611,0
DA:2612,0
DA:2613,0
DA:2614,0
DA:2616,0
DA:2617,0
DA:2618,0
DA:2620,0
DA:2623,0
DA:2624,0
DA:2625,0
DA:2626,0
DA:2628,0
DA:2629,0
DA:2633,0
DA:2642,0
DA:2649,0
DA:2651,0
DA:2652,0
DA:2655,0
DA:2657,0
DA:2661,0
DA:2663,0
DA:2664,0
DA:2666,0
DA:2667,0
DA:2670,0
DA:2671,0
DA:2675,0
DA:2677,0
DA:2678,0
DA:2679,0
DA:2680,0
DA:2681,0
DA:2682,0
DA:2683,0
DA:2685,0
DA:2688,0
DA:2689,0
DA:2693,0
DA:2702,0
DA:2707,0
DA:2712,0
DA:2719,0
DA:2721,0
DA:2722,0
DA:2727,0
DA:2729,0
DA:2732,0
DA:2735,0
DA:2739,0
DA:2741,0
DA:2742,0
DA:2744,0
DA:2745,0
DA:2748,0
DA:2749,0
DA:2753,0
DA:2755,0
DA:2756,0
DA:2757,0
DA:2758,0
DA:2759,0
DA:2760,0
DA:2762,0
DA:2765,0
DA:2766,0
DA:2767,0
DA:2769,0
DA:2772,0
DA:2773,0
DA:2774,0
DA:2775,0
DA:2777,0
DA:2778,0
DA:2779,0
DA:2781,0
DA:2784,0
DA:2785,0
DA:2786,0
DA:2787,0
DA:2789,0
DA:2790,0
DA:2794,0
DA:2803,0
DA:2808,0
DA:2815,0
DA:2817,0
DA:2818,0
DA:2822,0
DA:2824,0
DA:2827,0
DA:2831,0
DA:2833,0
DA:2834,0
DA:2836,0
DA:2837,0
DA:2840,0
DA:2841,0
DA:2845,0
DA:2847,0
DA:2848,0
DA:2849,0
DA:2850,0
DA:2851,0
DA:2852,0
DA:2853,0
DA:2855,0
DA:2858,0
DA:2859,0
DA:2860,0
DA:2862,0
DA:2865,0
DA:2866,0
DA:2867,0
DA:2868,0
DA:2870,0
DA:2871,0
DA:2875,0
DA:2884,0
DA:2889,0
DA:2896,0
DA:2898,0
DA:2899,0
DA:2903,0
DA:2905,0
DA:2908,0
DA:2912,0
DA:2914,0
DA:2915,0
DA:2917,0
DA:2918,0
DA:2921,0
DA:2922,0
DA:2926,0
DA:2928,0
DA:2929,0
DA:2930,0
DA:2931,0
DA:2932,0
DA:2933,0
DA:2934,0
DA:2936,0
DA:2939,0
DA:2940,0
DA:2941,0
DA:2943,0
DA:2946,0
DA:2947,0
DA:2948,0
DA:2949,0
DA:2951,0
DA:2952,0
DA:2956,0
DA:2965,0
DA:2970,0
DA:2979,0
DA:2986,0
DA:2988,0
DA:2989,0
DA:2994,0
DA:2996,0
DA:2999,0
DA:3002,0
DA:3006,0
DA:3008,0
DA:3009,0
DA:3011,0
DA:3012,0
DA:3015,0
DA:3016,0
DA:3020,0
DA:3022,0
DA:3023,0
DA:3024,0
DA:3025,0
DA:3026,0
DA:3027,0
DA:3028,0
DA:3030,0
DA:3033,0
DA:3034,0
DA:3035,0
DA:3037,0
DA:3040,0
DA:3041,0
DA:3042,0
DA:3043,0
DA:3045,0
DA:3046,0
DA:3047,0
DA:3049,0
DA:3052,0
DA:3053,0
DA:3054,0
DA:3055,0
DA:3057,0
DA:3058,0
DA:3062,0
DA:3071,0
DA:3076,0
DA:3083,0
DA:3084,0
DA:3088,0
DA:3090,0
DA:3093,0
DA:3097,0
DA:3099,0
DA:3100,0
DA:3102,0
DA:3103,0
DA:3107,0
DA:3108,0
DA:3113,0
DA:3114,0
DA:3116,0
DA:3117,0
DA:3119,0
DA:3120,0
DA:3121,0
DA:3122,0
DA:3123,0
DA:3125,0
DA:3128,0
DA:3129,0
DA:3130,0
DA:3132,0
DA:3135,0
DA:3136,0
DA:3137,0
DA:3138,0
DA:3140,0
DA:3141,0
DA:3142,0
DA:3144,0
DA:3147,0
DA:3148,0
DA:3149,0
DA:3150,0
DA:3154,0
DA:3163,0
DA:3170,0
DA:3175,0
DA:3182,0
DA:3187,0
DA:3193,0
DA:3199,0
DA:3205,0
DA:3206,0
DA:3215,0
DA:3217,0
DA:3220,0
DA:3223,0
DA:3226,0
DA:3229,0
DA:3232,0
DA:3235,0
DA:3239,0
DA:3241,0
DA:3242,0
DA:3244,0
DA:3245,0
DA:3248,0
DA:3249,0
DA:3253,0
DA:3255,0
DA:3256,0
DA:3257,0
DA:3258,0
DA:3259,0
DA:3260,0
DA:3261,0
DA:3263,0
DA:3266,0
DA:3267,0
DA:3269,0
DA:3270,0
DA:3271,0
DA:3273,0
DA:3276,0
DA:3277,0
DA:3278,0
DA:3279,0
DA:3281,0
DA:3282,0
DA:3283,0
DA:3285,0
DA:3288,0
DA:3289,0
DA:3290,0
DA:3291,0
DA:3293,0
DA:3294,0
DA:3295,0
DA:3297,0
DA:3300,0
DA:3301,0
DA:3302,0
DA:3303,0
DA:3305,0
DA:3306,0
DA:3307,0
DA:3309,0
DA:3312,0
DA:3313,0
DA:3314,0
DA:3315,0
DA:3317,0
DA:3318,0
DA:3319,0
DA:3321,0
DA:3324,0
DA:3325,0
DA:3326,0
DA:3327,0
DA:3329,0
DA:3330,0
DA:3331,0
DA:3333,0
DA:3336,0
DA:3337,0
DA:3338,0
DA:3339,0
DA:3343,0
DA:3352,0
DA:3358,0
DA:3364,0
DA:3369,0
DA:3374,0
DA:3379,0
DA:3381,0
DA:3382,0
DA:3389,0
DA:3391,0
DA:3394,0
DA:3397,0
DA:3400,0
DA:3403,0
DA:3407,0
DA:3409,0
DA:3410,0
DA:3412,0
DA:3413,0
DA:3417,0
DA:3418,0
DA:3423,0
DA:3425,0
DA:3426,0
DA:3427,0
DA:3428,0
DA:3429,0
DA:3430,0
DA:3431,0
DA:3433,0
DA:3436,0
DA:3437,0
DA:3439,0
DA:3440,0
DA:3442,0
DA:3443,0
DA:3444,0
DA:3446,0
DA:3449,0
DA:3450,0
DA:3451,0
DA:3452,0
DA:3454,0
DA:3455,0
DA:3456,0
DA:3458,0
DA:3461,0
DA:3462,0
DA:3463,0
DA:3464,0
DA:3466,0
DA:3467,0
DA:3471,0
DA:3480,0
DA:3487,0
DA:3489,0
DA:3490,0
DA:3493,0
DA:3495,0
DA:3499,0
DA:3501,0
DA:3502,0
DA:3504,0
DA:3505,0
DA:3508,0
DA:3509,0
DA:3513,0
DA:3515,0
DA:3516,0
DA:3517,0
DA:3518,0
DA:3519,0
DA:3520,0
DA:3521,0
DA:3523,0
DA:3526,0
DA:3527,0
DA:3531,0
DA:3540,0
DA:3546,0
DA:3551,0
DA:3557,0
DA:3563,0
DA:3565,0
DA:3566,0
DA:3572,0
DA:3574,0
DA:3577,0
DA:3580,0
DA:3583,0
DA:3587,0
DA:3589,0
DA:3590,0
DA:3592,0
DA:3593,0
DA:3597,0
DA:3598,0
DA:3603,0
DA:3604,0
DA:3606,0
DA:3607,0
DA:3609,0
DA:3610,0
DA:3611,0
DA:3612,0
DA:3613,0
DA:3615,0
DA:3618,0
DA:3619,0
DA:3621,0
DA:3622,0
DA:3623,0
DA:3625,0
DA:3628,0
DA:3629,0
DA:3630,0
DA:3631,0
DA:3633,0
DA:3634,0
DA:3635,0
DA:3637,0
DA:3640,0
DA:3641,0
DA:3642,0
DA:3643,0
DA:3645,0
DA:3646,0
DA:3647,0
DA:3649,0
DA:3652,0
DA:3653,0
DA:3654,0
DA:3655,0
DA:3659,0
DA:3668,0
DA:3675,0
DA:3677,0
DA:3678,0
DA:3681,0
DA:3683,0
DA:3687,0
DA:3689,0
DA:3690,0
DA:3692,0
DA:3693,0
DA:3696,0
DA:3697,0
DA:3701,0
DA:3703,0
DA:3704,0
DA:3705,0
DA:3706,0
DA:3707,0
DA:3708,0
DA:3709,0
DA:3711,0
DA:3714,0
DA:3715,0
LF:1612
LH:0
end_of_record
SF:lib\modules\Pylonstech.pylons.pylons\module\client\google\protobuf\descriptor.pbenum.dart
DA:144,0
DA:145,0
DA:146,0
DA:148,23
DA:178,0
DA:179,0
DA:180,0
DA:181,0
DA:183,23
DA:211,0
DA:212,0
DA:213,0
DA:215,23
DA:241,0
DA:242,0
DA:243,0
DA:245,23
DA:271,0
DA:272,0
DA:273,0
DA:275,23
DA:305,0
DA:306,0
DA:307,0
DA:308,0
DA:310,23
DA:311,0
LF:27
LH:6
end_of_record
SF:lib\modules\Pylonstech.pylons.pylons\module\client\google\protobuf\descriptor.pbjson.dart
DA:28,0
DA:104,0
DA:210,0
DA:231,0
DA:315,0
DA:334,0
DA:380,0
DA:400,0
DA:401,0
DA:428,0
DA:429,0
DA:466,0
DA:622,0
DA:675,0
DA:749,0
DA:770,0
DA:803,0
DA:832,0
DA:861,0
DA:910,0
DA:968,0
DA:1031,0
DA:1068,0
LF:23
LH:0
end_of_record
SF:lib\modules\Pylonstech.pylons.pylons\module\client\pylons\accounts.pb.dart
DA:13,0
DA:22,0
DA:28,0
DA:33,0
DA:35,0
DA:36,0
DA:40,0
DA:42,0
DA:45,0
DA:49,0
DA:51,0
DA:52,0
DA:54,0
DA:55,0
DA:58,0
DA:59,0
DA:63,0
DA:65,0
DA:66,0
DA:67,0
DA:68,0
DA:69,0
DA:70,0
DA:72,0
DA:75,0
DA:76,0
DA:77,0
DA:79,0
DA:82,0
DA:83,0
DA:84,0
DA:85,0
DA:87,0
DA:88,0
DA:89,0
DA:91,0
DA:94,0
DA:95,0
DA:96,0
DA:97,0
DA:101,0
DA:110,0
DA:115,0
DA:117,0
DA:118,0
DA:121,0
DA:123,0
DA:127,0
DA:129,0
DA:130,0
DA:132,0
DA:133,0
DA:136,0
DA:137,0
DA:141,0
DA:143,0
DA:144,0
DA:145,0
DA:146,0
DA:147,0
DA:148,0
DA:150,0
DA:153,0
DA:154,0
DA:155,0
DA:157,0
DA:160,0
DA:161,0
DA:162,0
DA:163,0
DA:167,0
DA:176,0
DA:181,0
DA:183,0
DA:184,0
DA:187,0
DA:189,0
DA:193,0
DA:195,0
DA:196,0
DA:198,0
DA:199,0
DA:202,0
DA:203,0
DA:207,0
DA:209,0
DA:210,0
DA:211,0
DA:212,0
DA:213,0
DA:214,0
DA:216,0
DA:219,0
DA:220,0
DA:221,0
DA:223,0
DA:226,0
DA:227,0
DA:228,0
DA:229,0
LF:100
LH:0
end_of_record
SF:lib\modules\Pylonstech.pylons.pylons\module\client\pylons\accounts.pbjson.dart
DA:22,0
DA:33,0
DA:34,0
DA:44,0
DA:45,0
LF:5
LH:0
end_of_record
SF:lib\modules\Pylonstech.pylons.pylons\module\client\pylons\cookbook.pb.dart
DA:16,0
DA:25,0
DA:30,0
DA:36,0
DA:44,0
DA:49,0
DA:54,0
DA:59,0
DA:64,0
DA:70,0
DA:75,0
DA:76,0
DA:77,0
DA:87,0
DA:89,0
DA:92,0
DA:96,0
DA:99,0
DA:102,0
DA:105,0
DA:108,0
DA:112,0
DA:116,0
DA:118,0
DA:119,0
DA:121,0
DA:122,0
DA:125,0
DA:126,0
DA:130,0
DA:132,0
DA:133,0
DA:134,0
DA:135,0
DA:136,0
DA:137,0
DA:139,0
DA:142,0
DA:143,0
DA:144,0
DA:146,0
DA:149,0
DA:150,0
DA:151,0
DA:152,0
DA:154,0
DA:155,0
DA:156,0
DA:158,0
DA:161,0
DA:162,0
DA:163,0
DA:164,0
DA:166,0
DA:167,0
DA:168,0
DA:170,0
DA:173,0
DA:174,0
DA:175,0
DA:176,0
DA:178,0
DA:179,0
DA:180,0
DA:182,0
DA:185,0
DA:186,0
DA:187,0
DA:188,0
DA:190,0
DA:191,0
DA:192,0
DA:194,0
DA:197,0
DA:198,0
DA:199,0
DA:200,0
DA:202,0
DA:203,0
DA:204,0
DA:206,0
DA:209,0
DA:210,0
DA:211,0
DA:212,0
DA:214,0
DA:215,0
DA:216,0
DA:218,0
DA:221,0
DA:222,0
DA:223,0
DA:224,0
DA:226,0
DA:227,0
DA:228,0
DA:230,0
DA:233,0
DA:234,0
DA:235,0
DA:236,0
DA:238,0
DA:239,0
DA:240,0
DA:242,0
DA:245,0
DA:246,0
DA:247,0
DA:248,0
LF:109
LH:0
end_of_record
SF:lib\modules\Pylonstech.pylons.pylons\module\client\pylons\event.pb.dart
DA:22,0
DA:31,0
DA:38,0
DA:40,0
DA:41,0
DA:44,0
DA:46,0
DA:50,0
DA:52,0
DA:53,0
DA:55,0
DA:56,0
DA:59,0
DA:60,0
DA:64,0
DA:66,0
DA:67,0
DA:68,0
DA:69,0
DA:70,0
DA:71,0
DA:72,0
DA:74,0
DA:77,0
DA:78,0
DA:79,0
DA:81,0
DA:84,0
DA:85,0
DA:86,0
DA:87,0
DA:88,0
DA:89,0
DA:93,0
DA:102,0
DA:107,0
DA:112,0
DA:114,0
DA:115,0
DA:119,0
DA:121,0
DA:124,0
DA:128,0
DA:130,0
DA:131,0
DA:133,0
DA:134,0
DA:137,0
DA:138,0
DA:142,0
DA:144,0
DA:145,0
DA:146,0
DA:147,0
DA:148,0
DA:149,0
DA:150,0
DA:152,0
DA:155,0
DA:156,0
DA:157,0
DA:159,0
DA:162,0
DA:163,0
DA:164,0
DA:165,0
DA:167,0
DA:168,0
DA:169,0
DA:171,0
DA:174,0
DA:175,0
DA:176,0
DA:177,0
DA:181,0
DA:190,0
DA:195,0
DA:200,0
DA:202,0
DA:203,0
DA:207,0
DA:209,0
DA:212,0
DA:216,0
DA:218,0
DA:219,0
DA:221,0
DA:222,0
DA:225,0
DA:226,0
DA:230,0
DA:232,0
DA:233,0
DA:234,0
DA:235,0
DA:236,0
DA:237,0
DA:238,0
DA:240,0
DA:243,0
DA:244,0
DA:245,0
DA:247,0
DA:250,0
DA:251,0
DA:252,0
DA:253,0
DA:255,0
DA:256,0
DA:257,0
DA:259,0
DA:262,0
DA:263,0
DA:264,0
DA:265,0
DA:269,0
DA:278,0
DA:283,0
DA:289,0
DA:291,0
DA:292,0
DA:296,0
DA:298,0
DA:301,0
DA:305,0
DA:307,0
DA:308,0
DA:310,0
DA:311,0
DA:314,0
DA:315,0
DA:319,0
DA:321,0
DA:322,0
DA:323,0
DA:324,0
DA:325,0
DA:326,0
DA:327,0
DA:329,0
DA:332,0
DA:333,0
DA:334,0
DA:336,0
DA:339,0
DA:340,0
DA:341,0
DA:342,0
DA:344,0
DA:345,0
DA:346,0
DA:348,0
DA:351,0
DA:352,0
DA:353,0
DA:354,0
DA:358,0
DA:367,0
DA:374,0
DA:376,0
DA:377,0
DA:380,0
DA:382,0
DA:386,0
DA:388,0
DA:389,0
DA:391,0
DA:392,0
DA:395,0
DA:396,0
DA:400,0
DA:402,0
DA:403,0
DA:404,0
DA:405,0
DA:406,0
DA:407,0
DA:408,0
DA:410,0
DA:413,0
DA:414,0
DA:415,0
DA:417,0
DA:420,0
DA:421,0
DA:422,0
DA:423,0
DA:424,0
DA:425,0
DA:429,0
DA:438,0
DA:443,0
DA:448,0
DA:454,0
DA:456,0
DA:457,0
DA:462,0
DA:464,0
DA:467,0
DA:470,0
DA:474,0
DA:476,0
DA:477,0
DA:479,0
DA:480,0
DA:484,0
DA:485,0
DA:490,0
DA:492,0
DA:493,0
DA:494,0
DA:495,0
DA:496,0
DA:497,0
DA:498,0
DA:500,0
DA:503,0
DA:504,0
DA:505,0
DA:507,0
DA:510,0
DA:511,0
DA:512,0
DA:513,0
DA:515,0
DA:516,0
DA:517,0
DA:519,0
DA:522,0
DA:523,0
DA:524,0
DA:525,0
DA:527,0
DA:528,0
DA:529,0
DA:531,0
DA:534,0
DA:535,0
DA:536,0
DA:537,0
DA:541,0
DA:550,0
DA:555,0
DA:561,0
DA:567,0
DA:569,0
DA:570,0
DA:575,0
DA:577,0
DA:580,0
DA:583,0
DA:587,0
DA:589,0
DA:590,0
DA:592,0
DA:593,0
DA:596,0
DA:597,0
DA:601,0
DA:603,0
DA:604,0
DA:605,0
DA:606,0
DA:607,0
DA:608,0
DA:609,0
DA:611,0
DA:614,0
DA:615,0
DA:616,0
DA:618,0
DA:621,0
DA:622,0
DA:623,0
DA:624,0
DA:626,0
DA:627,0
DA:628,0
DA:630,0
DA:633,0
DA:634,0
DA:635,0
DA:636,0
DA:638,0
DA:639,0
DA:640,0
DA:642,0
DA:645,0
DA:646,0
DA:647,0
DA:648,0
DA:652,0
DA:661,0
DA:668,0
DA:670,0
DA:671,0
DA:674,0
DA:676,0
DA:680,0
DA:682,0
DA:683,0
DA:685,0
DA:686,0
DA:689,0
DA:690,0
DA:694,0
DA:696,0
DA:697,0
DA:698,0
DA:699,0
DA:700,0
DA:701,0
DA:702,0
DA:704,0
DA:707,0
DA:708,0
DA:709,0
DA:711,0
DA:714,0
DA:715,0
DA:716,0
DA:717,0
DA:718,0
DA:719,0
DA:723,0
DA:732,0
DA:737,0
DA:743,0
DA:751,0
DA:753,0
DA:754,0
DA:759,0
DA:761,0
DA:764,0
DA:767,0
DA:771,0
DA:773,0
DA:774,0
DA:776,0
DA:777,0
DA:781,0
DA:782,0
DA:786,0
DA:788,0
DA:789,0
DA:790,0
DA:791,0
DA:792,0
DA:793,0
DA:794,0
DA:796,0
DA:799,0
DA:800,0
DA:801,0
DA:803,0
DA:806,0
DA:807,0
DA:808,0
DA:809,0
DA:811,0
DA:812,0
DA:813,0
DA:815,0
DA:818,0
DA:819,0
DA:820,0
DA:821,0
DA:823,0
DA:824,0
DA:828,0
DA:837,0
DA:842,0
DA:848,0
DA:856,0
DA:864,0
DA:872,0
DA:880,0
DA:888,0
DA:896,0
DA:904,0
DA:906,0
DA:907,0
DA:918,0
DA:920,0
DA:923,0
DA:926,0
DA:929,0
DA:932,0
DA:935,0
DA:938,0
DA:941,0
DA:944,0
DA:948,0
DA:950,0
DA:951,0
DA:953,0
DA:954,0
DA:958,0
DA:959,0
DA:964,0
DA:966,0
DA:967,0
DA:968,0
DA:969,0
DA:970,0
DA:971,0
DA:972,0
DA:974,0
DA:977,0
DA:978,0
DA:979,0
DA:981,0
DA:984,0
DA:985,0
DA:986,0
DA:987,0
DA:989,0
DA:990,0
DA:991,0
DA:993,0
DA:996,0
DA:997,0
DA:998,0
DA:999,0
DA:1001,0
DA:1002,0
DA:1004,0
DA:1005,0
DA:1007,0
DA:1008,0
DA:1010,0
DA:1011,0
DA:1013,0
DA:1014,0
DA:1016,0
DA:1017,0
DA:1019,0
DA:1020,0
DA:1024,0
DA:1033,0
DA:1038,0
DA:1044,0
DA:1046,0
DA:1047,0
DA:1051,0
DA:1053,0
DA:1056,0
DA:1060,0
DA:1062,0
DA:1063,0
DA:1065,0
DA:1066,0
DA:1069,0
DA:1070,0
DA:1074,0
DA:1076,0
DA:1077,0
DA:1078,0
DA:1079,0
DA:1080,0
DA:1081,0
DA:1082,0
DA:1084,0
DA:1087,0
DA:1088,0
DA:1089,0
DA:1091,0
DA:1094,0
DA:1095,0
DA:1096,0
DA:1097,0
DA:1099,0
DA:1100,0
DA:1101,0
DA:1103,0
DA:1106,0
DA:1107,0
DA:1108,0
DA:1109,0
DA:1113,0
DA:1122,0
DA:1127,0
DA:1133,0
DA:1135,0
DA:1136,0
DA:1140,0
DA:1142,0
DA:1145,0
DA:1149,0
DA:1151,0
DA:1152,0
DA:1154,0
DA:1155,0
DA:1159,0
DA:1160,0
DA:1165,0
DA:1166,0
DA:1168,0
DA:1169,0
DA:1171,0
DA:1172,0
DA:1173,0
DA:1174,0
DA:1175,0
DA:1177,0
DA:1180,0
DA:1181,0
DA:1182,0
DA:1184,0
DA:1187,0
DA:1188,0
DA:1189,0
DA:1190,0
DA:1192,0
DA:1193,0
DA:1194,0
DA:1196,0
DA:1199,0
DA:1200,0
DA:1201,0
DA:1202,0
DA:1206,0
DA:1215,0
DA:1220,0
DA:1225,0
DA:1232,0
DA:1234,0
DA:1235,0
DA:1240,0
DA:1242,0
DA:1245,0
DA:1248,0
DA:1252,0
DA:1254,0
DA:1255,0
DA:1257,0
DA:1258,0
DA:1261,0
DA:1262,0
DA:1266,0
DA:1268,0
DA:1269,0
DA:1270,0
DA:1271,0
DA:1272,0
DA:1273,0
DA:1274,0
DA:1276,0
DA:1279,0
DA:1280,0
DA:1281,0
DA:1283,0
DA:1286,0
DA:1287,0
DA:1288,0
DA:1289,0
DA:1291,0
DA:1292,0
DA:1293,0
DA:1295,0
DA:1298,0
DA:1299,0
DA:1300,0
DA:1301,0
DA:1303,0
DA:1304,0
DA:1308,0
DA:1317,0
DA:1322,0
DA:1328,0
DA:1334,0
DA:1342,0
DA:1344,0
DA:1345,0
DA:1351,0
DA:1353,0
DA:1356,0
DA:1359,0
DA:1362,0
DA:1366,0
DA:1368,0
DA:1369,0
DA:1371,0
DA:1372,0
DA:1375,0
DA:1376,0
DA:1380,0
DA:1382,0
DA:1383,0
DA:1384,0
DA:1385,0
DA:1386,0
DA:1387,0
DA:1388,0
DA:1390,0
DA:1393,0
DA:1394,0
DA:1395,0
DA:1397,0
DA:1400,0
DA:1401,0
DA:1402,0
DA:1403,0
DA:1405,0
DA:1406,0
DA:1407,0
DA:1409,0
DA:1412,0
DA:1413,0
DA:1414,0
DA:1415,0
DA:1417,0
DA:1418,0
DA:1419,0
DA:1421,0
DA:1424,0
DA:1425,0
DA:1426,0
DA:1427,0
DA:1429,0
DA:1430,0
DA:1434,0
DA:1443,0
DA:1448,0
DA:1456,0
DA:1458,0
DA:1459,0
DA:1463,0
DA:1465,0
DA:1468,0
DA:1472,0
DA:1474,0
DA:1475,0
DA:1477,0
DA:1478,0
DA:1481,0
DA:1482,0
DA:1486,0
DA:1488,0
DA:1489,0
DA:1490,0
DA:1491,0
DA:1492,0
DA:1493,0
DA:1494,0
DA:1496,0
DA:1499,0
DA:1500,0
DA:1501,0
DA:1503,0
DA:1506,0
DA:1507,0
DA:1508,0
DA:1509,0
DA:1511,0
DA:1512,0
DA:1513,0
DA:1515,0
DA:1518,0
DA:1519,0
DA:1520,0
DA:1521,0
DA:1525,0
DA:1534,0
DA:1539,0
DA:1547,0
DA:1549,0
DA:1550,0
DA:1554,0
DA:1556,0
DA:1559,0
DA:1563,0
DA:1565,0
DA:1566,0
DA:1568,0
DA:1569,0
DA:1572,0
DA:1573,0
DA:1577,0
DA:1579,0
DA:1580,0
DA:1581,0
DA:1582,0
DA:1583,0
DA:1584,0
DA:1585,0
DA:1587,0
DA:1590,0
DA:1591,0
DA:1592,0
DA:1594,0
DA:1597,0
DA:1598,0
DA:1599,0
DA:1600,0
DA:1602,0
DA:1603,0
DA:1604,0
DA:1606,0
DA:1609,0
DA:1610,0
DA:1611,0
DA:1612,0
DA:1616,0
DA:1625,0
DA:1633,0
DA:1638,0
DA:1643,0
DA:1651,0
DA:1659,0
DA:1667,0
DA:1675,0
DA:1683,0
DA:1685,0
DA:1686,0
DA:1696,0
DA:1698,0
DA:1701,0
DA:1704,0
DA:1707,0
DA:1710,0
[...]
DA:25,0
DA:26,0
DA:27,0
DA:28,0
DA:30,0
DA:31,0
DA:41,0
DA:43,0
DA:44,0
DA:48,0
DA:50,0
DA:51,0
DA:52,0
DA:53,0
DA:54,0
DA:55,0
DA:56,0
DA:59,0
DA:62,0
DA:63,0
DA:64,0
DA:70,0
DA:73,0
DA:76,0
DA:77,0
DA:78,0
DA:84,0
DA:89,0
DA:92,0
DA:93,0
DA:94,0
DA:96,0
DA:97,0
DA:98,0
DA:100,0
DA:101,0
DA:102,0
DA:103,0
DA:104,0
DA:108,0
DA:109,0
DA:111,0
DA:112,0
DA:113,0
DA:114,0
DA:115,0
DA:116,0
DA:117,0
DA:119,0
DA:120,0
DA:121,0
DA:122,0
DA:123,0
DA:124,0
DA:127,0
DA:134,0
DA:135,0
DA:147,0
DA:149,0
DA:151,0
DA:152,0
DA:153,0
DA:154,0
DA:155,0
DA:156,0
DA:161,0
LF:69
LH:0
end_of_record
SF:lib\pages\purchase_item\widgets\pay_with_swipe.dart
DA:12,0
DA:14,0
DA:15,0
DA:21,0
DA:23,0
DA:24,0
DA:25,0
DA:26,0
DA:27,0
DA:28,0
DA:29,0
DA:30,0
DA:31,0
DA:32,0
DA:33,0
DA:34,0
DA:38,0
DA:39,0
DA:42,0
DA:43,0
DA:44,0
DA:48,0
DA:49,0
DA:50,0
DA:53,0
DA:54,0
DA:55,0
DA:57,0
DA:59,0
DA:61,0
DA:62,0
DA:63,0
DA:72,0
DA:77,0
DA:78,0
DA:81,0
DA:95,0
DA:97,0
DA:99,0
DA:100,0
DA:101,0
DA:102,0
DA:103,0
DA:104,0
DA:109,0
LF:45
LH:0
end_of_record
SF:lib\pages\routing_page\routing_page.dart
DA:20,23
DA:22,0
DA:23,0
DA:27,0
DA:28,0
DA:29,0
DA:31,0
DA:33,0
DA:34,0
DA:35,0
DA:39,0
DA:40,0
DA:41,0
DA:43,0
DA:45,0
DA:47,0
DA:49,0
DA:51,0
DA:53,0
DA:54,0
DA:58,0
DA:59,0
DA:63,0
DA:65,0
DA:66,0
DA:69,0
DA:73,0
DA:74,0
DA:77,0
DA:79,0
DA:80,0
DA:81,0
DA:82,0
DA:83,0
DA:84,0
DA:85,0
DA:92,0
DA:93,0
DA:95,0
DA:98,0
DA:99,0
DA:101,0
DA:104,0
DA:105,0
DA:109,0
DA:111,0
DA:112,0
DA:115,0
LF:48
LH:1
end_of_record
SF:lib\services\data_stores\local_storage_service.dart
DA:138,0
DA:155,0
DA:156,0
DA:157,0
DA:160,0
DA:161,0
DA:163,0
DA:167,0
DA:169,0
DA:172,0
DA:174,0
DA:177,0
DA:179,0
DA:182,0
DA:184,0
DA:187,0
DA:189,0
DA:192,0
DA:194,0
DA:198,0
DA:199,0
DA:200,0
DA:203,0
DA:205,0
DA:208,0
DA:210,0
DA:213,0
DA:215,0
DA:219,0
DA:222,0
DA:224,0
DA:227,0
DA:229,0
DA:232,0
DA:234,0
DA:237,0
DA:239,0
DA:242,0
DA:244,0
DA:248,0
DA:249,0
DA:253,0
DA:254,0
DA:258,0
DA:259,0
DA:261,0
DA:263,0
DA:267,0
DA:268,0
DA:276,0
DA:277,0
DA:282,0
DA:283,0
DA:284,0
DA:288,0
DA:289,0
DA:293,0
DA:295,0
DA:298,0
DA:300,0
DA:303,0
DA:305,0
DA:308,0
DA:310,0
DA:313,0
DA:315,0
LF:66
LH:0
end_of_record
SF:lib\services\third_party_services\remote_config_service.dart
DA:43,0
DA:45,0
DA:47,0
DA:48,0
DA:49,0
DA:50,0
DA:51,0
DA:52,0
DA:53,0
DA:54,0
DA:55,0
DA:57,0
DA:58,0
DA:59,0
DA:60,0
DA:61,0
DA:62,0
DA:63,0
DA:64,0
DA:70,0
DA:71,0
DA:72,0
DA:73,0
DA:74,0
DA:75,0
DA:76,0
DA:77,0
DA:78,0
DA:79,0
DA:80,0
DA:81,0
DA:82,0
DA:83,0
DA:84,0
DA:87,0
DA:90,0
DA:96,0
DA:99,0
DA:101,0
DA:104,0
DA:106,0
LF:41
LH:0
end_of_record
SF:lib\pages\routing_page\update_app.dart
DA:21,0
DA:24,23
DA:26,0
DA:27,0
DA:31,0
DA:32,0
DA:36,0
DA:38,0
DA:41,0
DA:42,0
DA:44,0
DA:47,0
DA:50,0
DA:52,0
DA:54,0
DA:55,0
DA:56,0
DA:60,0
DA:61,0
DA:62,0
DA:63,0
DA:64,0
DA:67,0
DA:68,0
DA:69,0
DA:70,0
DA:71,0
DA:74,0
DA:75,0
DA:76,0
DA:77,0
DA:78,0
DA:79,0
DA:80,0
DA:83,0
DA:84,0
DA:85,0
DA:86,0
DA:88,0
DA:89,0
DA:90,0
DA:91,0
DA:92,0
DA:93,0
DA:97,0
DA:98,0
DA:100,0
DA:102,0
DA:108,0
DA:109,0
DA:112,0
DA:113,0
DA:114,0
DA:115,0
DA:120,0
DA:121,0
DA:122,0
DA:124,0
DA:125,0
DA:127,0
DA:130,0
DA:147,0
DA:150,0
DA:151,0
DA:152,0
DA:153,0
DA:155,0
DA:158,0
DA:165,0
DA:166,0
DA:167,0
DA:168,0
DA:173,0
DA:175,0
DA:176,0
DA:177,0
DA:178,0
DA:180,0
DA:181,0
DA:182,0
DA:183,0
DA:184,0
DA:185,0
DA:188,0
DA:189,0
DA:190,0
DA:191,0
DA:193,0
DA:194,0
DA:195,0
DA:196,0
DA:197,0
DA:198,0
DA:201,0
DA:202,0
DA:204,0
DA:206,0
DA:212,0
DA:213,0
DA:217,0
DA:218,0
DA:219,0
DA:224,0
DA:225,0
DA:226,0
DA:228,0
DA:229,0
DA:231,0
DA:234,0
DA:254,0
DA:257,0
DA:258,0
DA:259,0
DA:260,0
DA:262,0
DA:264,0
DA:267,0
DA:275,0
DA:276,0
DA:277,0
DA:279,0
DA:281,0
DA:284,0
DA:285,0
DA:289,0
DA:290,0
DA:293,0
DA:294,0
DA:297,0
LF:129
LH:1
end_of_record
SF:lib\pages\settings\common\delete_dialog.dart
DA:10,23
DA:12,0
DA:14,0
DA:16,0
DA:18,0
DA:20,0
DA:21,0
DA:22,0
DA:24,0
DA:25,0
DA:28,0
DA:29,0
DA:30,0
DA:33,0
DA:34,0
DA:36,0
DA:41,0
DA:42,0
DA:45,0
DA:51,0
DA:52,0
DA:54,0
DA:55,0
DA:56,0
DA:57,0
DA:59,0
DA:60,0
DA:61,0
DA:62,0
DA:64,0
DA:69,0
DA:70,0
DA:80,0
DA:81,0
DA:82,0
DA:83,0
DA:84,0
DA:85,0
DA:86,0
DA:87,0
DA:89,0
DA:90,0
DA:91,0
DA:92,0
DA:94,0
DA:104,0
DA:106,0
DA:107,0
DA:108,0
DA:109,0
DA:110,0
DA:111,0
DA:112,0
DA:117,0
LF:54
LH:1
end_of_record
SF:lib\pages\settings\screens\delete_Landing_Page.dart
DA:10,23
DA:12,0
DA:13,0
DA:15,0
DA:18,0
DA:20,0
DA:21,0
DA:23,0
DA:24,0
DA:25,0
DA:30,0
DA:32,0
DA:33,0
DA:37,0
DA:42,0
DA:43,0
DA:44,0
DA:47,0
DA:48,0
DA:52,0
DA:53,0
DA:55,0
DA:57,0
DA:58,0
DA:59,0
DA:60,0
DA:71,0
DA:72,0
DA:73,0
DA:74,0
DA:76,0
DA:77,0
DA:78,0
DA:80,0
DA:81,0
DA:82,0
DA:83,0
DA:85,0
DA:98,0
DA:99,0
DA:101,0
DA:102,0
DA:103,0
DA:104,0
DA:105,0
DA:106,0
DA:107,0
DA:112,0
DA:119,0
DA:120,0
DA:122,0
DA:123,0
DA:124,0
DA:125,0
DA:126,0
DA:127,0
DA:128,0
DA:131,0
DA:134,0
LF:59
LH:1
end_of_record
SF:lib\pages\settings\common\settings_divider.dart
DA:4,161
DA:6,0
DA:8,0
LF:3
LH:1
end_of_record
SF:lib\pages\settings\screens\general_screen\general_screen.dart
DA:10,0
DA:11,0
DA:14,23
DA:16,0
DA:17,0
DA:21,0
DA:23,0
DA:25,0
DA:26,0
DA:27,0
DA:29,0
DA:30,0
DA:31,0
DA:33,0
DA:34,0
DA:36,0
DA:38,0
DA:39,0
DA:40,0
DA:47,0
DA:48,0
DA:50,0
DA:52,0
DA:54,0
DA:55,0
DA:60,0
DA:62,0
DA:63,0
DA:66,0
DA:68,0
DA:69,0
DA:83,0
DA:85,0
DA:87,0
DA:88,0
DA:89,0
DA:90,0
DA:92,0
DA:93,0
DA:94,0
DA:95,0
DA:96,0
DA:98,0
DA:99,0
DA:100,0
DA:101,0
DA:108,0
DA:109,0
DA:119,23
DA:121,0
DA:122,0
DA:130,0
DA:132,0
DA:134,0
DA:136,0
DA:142,0
DA:144,0
DA:145,0
DA:146,0
DA:147,0
DA:149,0
DA:150,0
DA:151,0
DA:153,0
DA:154,0
DA:155,0
DA:156,0
DA:158,0
DA:160,0
DA:161,0
DA:162,0
DA:163,0
DA:164,0
DA:172,0
DA:173,0
LF:75
LH:2
end_of_record
SF:lib\pages\settings\screens\general_screen\screens\payment_screen\payment_screen.dart
DA:12,0
DA:13,0
DA:16,23
DA:18,0
DA:19,0
DA:23,0
DA:25,0
DA:27,0
DA:28,0
DA:29,0
DA:31,0
DA:32,0
DA:33,0
DA:35,0
DA:36,0
DA:38,0
DA:40,0
DA:41,0
DA:42,0
DA:49,0
DA:50,0
DA:52,0
DA:54,0
DA:56,0
DA:57,0
DA:59,0
DA:61,0
DA:62,0
DA:67,0
DA:69,0
DA:70,0
DA:79,0
DA:80,0
DA:82,0
DA:83,0
DA:84,0
DA:85,0
DA:87,0
DA:88,0
DA:89,0
DA:91,0
DA:92,0
DA:103,0
DA:105,0
DA:107,0
DA:108,0
DA:109,0
DA:110,0
DA:111,0
DA:112,0
DA:114,0
DA:115,0
DA:116,0
DA:118,0
DA:119,0
DA:120,0
DA:121,0
DA:130,0
DA:131,0
LF:59
LH:1
end_of_record
SF:lib\pages\settings\screens\general_screen\screens\payment_screen\screens\transaction_history.dart
DA:10,0
DA:11,0
DA:14,23
DA:16,0
DA:17,0
DA:23,0
DA:25,0
DA:27,0
DA:28,0
DA:29,0
DA:32,0
DA:36,0
DA:38,0
DA:40,0
DA:41,0
DA:42,0
DA:43,0
DA:45,0
DA:46,0
DA:47,0
DA:49,0
DA:50,0
DA:52,0
DA:54,0
DA:55,0
DA:56,0
DA:63,0
DA:64,0
DA:66,0
DA:68,0
DA:70,0
DA:71,0
DA:73,0
DA:74,0
DA:75,0
DA:76,0
DA:77,0
DA:78,0
DA:79,0
LF:39
LH:1
end_of_record
SF:lib\pages\settings\screens\general_screen\screens\security_screen.dart
DA:11,0
DA:12,0
DA:13,0
DA:16,23
DA:18,0
DA:19,0
DA:30,0
DA:32,0
DA:34,0
DA:37,0
DA:39,0
DA:41,0
DA:43,0
DA:45,0
DA:46,0
DA:47,0
DA:49,0
DA:50,0
DA:52,0
DA:54,0
DA:56,0
DA:57,0
DA:58,0
DA:66,0
DA:67,0
DA:69,0
DA:71,0
DA:73,0
DA:76,0
DA:77,0
DA:79,0
DA:80,0
DA:83,0
DA:85,0
DA:86,0
DA:88,0
DA:90,0
DA:92,0
DA:93,0
DA:94,0
DA:101,0
DA:105,0
DA:106,0
DA:108,0
DA:110,0
DA:111,0
DA:113,0
DA:115,0
DA:123,0
DA:124,0
DA:126,0
DA:127,0
DA:128,0
DA:131,0
DA:132,0
DA:133,0
DA:135,0
DA:139,0
DA:140,0
DA:141,0
DA:143,0
DA:144,0
DA:145,0
DA:146,0
DA:151,0
DA:152,0
DA:154,0
DA:155,0
DA:156,0
DA:158,0
DA:160,0
DA:162,0
DA:163,0
DA:165,0
DA:167,0
DA:168,0
DA:169,0
DA:170,0
DA:172,0
DA:174,0
DA:175,0
DA:176,0
DA:182,0
DA:183,0
DA:190,0
DA:191,0
DA:193,0
DA:194,0
DA:195,0
DA:198,0
DA:199,0
DA:200,0
DA:202,0
DA:207,0
DA:209,0
DA:210,0
DA:215,0
DA:216,0
DA:218,0
DA:219,0
DA:220,0
DA:222,0
DA:224,0
DA:226,0
DA:227,0
DA:229,0
DA:231,0
DA:232,0
DA:233,0
DA:234,0
DA:236,0
DA:238,0
DA:239,0
DA:240,0
DA:246,0
DA:247,0
DA:254,0
DA:255,0
DA:258,0
DA:259,0
DA:260,0
DA:263,0
DA:264,0
DA:265,0
DA:267,0
DA:271,0
DA:272,0
DA:273,0
DA:279,0
DA:280,0
DA:282,0
DA:284,0
DA:287,0
DA:288,0
DA:290,0
DA:292,0
DA:293,0
DA:297,0
DA:299,0
DA:301,0
DA:302,0
DA:306,0
DA:308,0
DA:310,0
DA:311,0
DA:315,0
DA:317,0
LF:147
LH:1
end_of_record
SF:lib\pages\settings\screens\legal_screen.dart
DA:7,0
DA:8,0
DA:11,23
DA:13,0
DA:14,0
DA:18,0
DA:20,0
DA:22,0
DA:23,0
DA:24,0
DA:26,0
DA:27,0
DA:28,0
DA:31,0
DA:32,0
DA:34,0
DA:35,0
DA:36,0
DA:40,0
DA:41,0
DA:43,0
DA:45,0
DA:46,0
DA:52,0
DA:54,0
DA:55,0
DA:69,0
DA:71,0
DA:73,0
DA:74,0
DA:75,0
DA:76,0
DA:77,0
DA:78,0
DA:80,0
DA:81,0
DA:82,0
DA:84,0
DA:85,0
DA:86,0
DA:87,0
DA:93,0
DA:94,0
LF:43
LH:1
end_of_record
SF:lib\pages\settings\screens\recovery_screen\recovery_screen.dart
DA:15,0
DA:16,0
DA:19,23
DA:21,0
DA:22,0
DA:31,0
DA:33,0
DA:35,0
DA:37,0
DA:38,0
DA:39,0
DA:40,0
DA:41,0
DA:42,0
DA:43,0
DA:44,0
DA:51,0
DA:53,0
DA:55,0
DA:56,0
DA:57,0
DA:59,0
DA:60,0
DA:61,0
DA:63,0
DA:64,0
DA:66,0
DA:68,0
DA:69,0
DA:70,0
DA:77,0
DA:78,0
DA:80,0
DA:82,0
DA:84,0
DA:85,0
DA:87,0
DA:89,0
DA:90,0
DA:93,0
DA:95,0
DA:96,0
DA:99,0
DA:100,0
DA:102,0
DA:103,0
DA:112,0
DA:113,0
DA:115,0
DA:117,0
DA:119,0
DA:121,0
DA:124,0
DA:125,0
DA:130,0
DA:132,0
DA:133,0
DA:134,0
DA:138,0
DA:141,0
DA:143,0
DA:145,0
DA:146,0
DA:155,0
DA:157,0
DA:159,0
DA:160,0
DA:161,0
DA:162,0
DA:163,0
DA:164,0
DA:166,0
DA:167,0
DA:168,0
DA:170,0
DA:171,0
DA:172,0
DA:173,0
DA:182,0
DA:183,0
LF:80
LH:1
end_of_record
SF:lib\pages\settings\screens\recovery_screen\screens\practice_test.dart
DA:15,4
DA:16,4
DA:19,24
DA:20,1
DA:21,1
DA:29,3
DA:31,1
DA:33,1
DA:34,2
DA:37,1
DA:39,1
DA:40,1
DA:41,1
DA:43,1
DA:44,1
DA:45,1
DA:46,1
DA:47,2
DA:48,1
DA:50,1
DA:51,1
DA:52,5
DA:54,1
DA:55,1
DA:57,1
DA:59,1
DA:60,0
DA:61,0
DA:68,1
DA:69,1
DA:71,1
DA:73,1
DA:75,1
DA:76,1
DA:78,1
DA:80,1
DA:82,1
DA:83,1
DA:85,1
DA:86,2
DA:87,1
DA:88,1
DA:91,1
DA:93,1
DA:94,1
DA:96,1
DA:97,2
DA:98,1
DA:99,1
DA:102,1
DA:103,1
DA:104,1
DA:105,4
DA:106,3
DA:107,4
DA:108,1
DA:109,1
DA:110,3
DA:114,1
DA:115,1
DA:117,1
DA:118,2
DA:119,1
DA:120,7
DA:122,1
DA:123,0
DA:124,1
DA:127,1
DA:128,1
DA:130,1
DA:131,0
DA:132,0
DA:134,1
DA:136,3
DA:140,1
DA:141,1
DA:151,1
DA:152,1
DA:154,1
DA:155,1
DA:156,1
DA:157,1
DA:158,1
DA:160,1
DA:162,1
DA:167,1
DA:168,1
DA:170,2
DA:178,0
DA:179,0
DA:180,0
DA:181,0
DA:182,0
DA:184,0
DA:187,0
DA:192,1
DA:197,2
DA:198,1
DA:199,1
DA:200,4
DA:201,2
DA:202,1
DA:203,1
DA:204,1
DA:207,1
DA:208,1
DA:210,1
DA:212,1
DA:213,1
DA:214,1
DA:215,1
DA:216,3
DA:217,1
DA:221,4
DA:222,1
DA:223,1
DA:224,3
DA:227,0
DA:228,0
DA:229,0
DA:232,0
DA:233,0
DA:239,1
DA:242,1
DA:243,1
DA:244,2
DA:248,1
DA:249,1
DA:250,1
DA:251,1
DA:252,5
DA:253,1
DA:254,1
DA:257,4
DA:258,3
DA:259,3
DA:260,4
DA:261,3
DA:268,1
DA:269,1
DA:270,1
DA:271,1
DA:272,1
DA:273,1
DA:274,1
DA:275,1
DA:276,1
DA:281,1
DA:282,1
DA:283,1
DA:284,2
DA:285,1
DA:286,1
DA:287,1
DA:288,4
DA:289,4
DA:290,1
DA:291,2
DA:292,1
DA:293,4
DA:294,3
DA:297,1
DA:298,1
DA:300,1
DA:301,3
DA:302,0
DA:303,0
DA:304,0
DA:305,0
DA:306,0
DA:307,0
DA:319,1
DA:323,1
DA:324,1
DA:327,3
DA:328,1
DA:331,3
DA:332,1
DA:333,1
DA:334,2
DA:335,1
DA:336,1
DA:337,3
DA:338,1
DA:339,1
DA:340,1
DA:343,1
DA:344,1
DA:346,1
DA:348,1
DA:349,1
DA:350,1
DA:351,2
DA:352,3
DA:353,2
DA:354,1
DA:357,1
DA:358,1
DA:361,1
DA:364,3
DA:367,1
DA:368,1
DA:369,1
DA:370,1
DA:372,1
DA:373,2
DA:374,2
DA:381,2
DA:386,1
DA:387,1
DA:389,1
DA:391,3
DA:392,0
DA:393,0
DA:394,0
DA:396,7
DA:397,0
DA:408,2
DA:410,1
DA:412,1
DA:413,1
DA:414,1
DA:415,1
DA:416,1
DA:421,1
DA:422,2
DA:423,1
DA:424,1
DA:425,2
DA:426,1
DA:430,1
DA:431,1
DA:432,1
DA:433,1
DA:434,1
DA:435,2
DA:436,1
DA:445,1
DA:447,1
DA:448,3
DA:449,2
DA:450,3
DA:451,2
DA:452,3
DA:453,1
DA:458,1
DA:467,1
DA:472,1
DA:473,2
DA:474,4
DA:475,1
DA:476,1
DA:477,1
DA:479,1
DA:480,3
DA:481,6
DA:482,1
DA:483,1
DA:486,3
DA:488,1
DA:489,2
DA:494,2
LF:262
LH:235
end_of_record
SF:lib\pages\settings\screens\recovery_screen\screens\view_recovery_phrase.dart
DA:20,0
DA:21,0
DA:23,0
DA:24,0
DA:25,4
DA:26,4
DA:29,23
DA:31,0
DA:32,0
DA:42,0
DA:44,0
DA:46,0
DA:47,0
DA:48,0
DA:49,0
DA:53,0
DA:54,0
DA:55,0
DA:57,0
DA:59,0
DA:63,0
DA:65,0
DA:67,0
DA:68,0
DA:69,0
DA:70,0
DA:72,0
DA:73,0
DA:74,0
DA:76,0
DA:77,0
DA:78,0
DA:85,0
DA:86,0
DA:88,0
DA:90,0
DA:91,0
DA:92,0
DA:94,0
DA:96,0
DA:97,0
DA:99,0
DA:101,0
DA:103,0
DA:104,0
DA:105,0
DA:109,0
DA:110,0
DA:111,0
DA:114,0
DA:115,0
DA:116,0
DA:126,0
DA:127,0
DA:129,0
DA:131,0
DA:134,0
DA:135,0
DA:136,0
DA:137,0
DA:138,0
DA:140,0
DA:142,0
DA:147,0
DA:148,0
DA:149,0
DA:155,0
DA:156,0
DA:157,0
DA:158,0
DA:159,0
DA:163,0
DA:167,0
DA:168,0
DA:169,0
DA:170,0
DA:171,0
DA:173,0
DA:174,0
DA:175,0
DA:176,0
DA:177,0
DA:179,0
DA:181,0
DA:183,0
DA:184,0
DA:185,0
DA:187,0
DA:189,0
DA:193,0
DA:202,0
DA:203,0
DA:204,0
DA:206,0
DA:207,0
DA:208,0
DA:209,0
DA:210,0
DA:214,0
DA:219,0
DA:220,0
DA:231,0
DA:232,0
DA:233,0
DA:234,0
DA:235,0
DA:237,0
DA:238,0
DA:239,0
DA:242,0
DA:246,0
DA:247,0
DA:248,0
DA:249,0
DA:250,0
DA:252,0
DA:253,0
DA:254,0
DA:257,0
DA:266,0
DA:268,0
DA:270,0
DA:271,0
DA:272,0
DA:273,0
DA:274,0
DA:275,0
DA:277,0
DA:278,0
DA:279,0
DA:281,0
DA:282,0
DA:283,0
DA:284,0
DA:293,0
DA:294,0
DA:304,0
DA:306,0
DA:308,0
DA:309,0
DA:310,0
DA:311,0
DA:312,0
DA:313,0
DA:318,0
DA:327,0
DA:329,0
DA:331,0
DA:332,0
DA:333,0
DA:336,0
DA:337,0
DA:338,0
DA:340,0
DA:343,0
DA:344,0
DA:345,0
DA:347,0
DA:350,0
DA:351,0
DA:352,0
DA:354,0
DA:357,0
DA:358,0
DA:359,0
DA:361,0
DA:364,0
DA:365,0
DA:366,0
DA:368,0
DA:371,0
DA:372,0
DA:373,0
DA:380,0
DA:381,0
DA:382,0
DA:383,0
DA:384,0
DA:386,0
DA:387,0
DA:388,0
DA:389,0
DA:391,0
DA:397,0
DA:398,0
DA:399,0
DA:400,0
DA:401,0
DA:402,0
DA:407,0
DA:409,0
DA:410,0
DA:412,0
DA:416,0
DA:417,0
DA:418,0
DA:419,0
DA:420,0
DA:421,0
LF:199
LH:3
end_of_record
SF:lib\pages\settings\settings_screen.dart
DA:17,0
DA:18,0
DA:19,0
DA:20,0
DA:24,0
DA:27,23
DA:29,0
DA:30,0
DA:40,0
DA:42,0
DA:45,0
DA:46,0
DA:48,0
DA:49,0
DA:52,0
DA:54,0
DA:56,0
DA:57,0
DA:58,0
DA:59,0
DA:61,0
DA:62,0
DA:63,0
DA:65,0
DA:67,0
DA:68,0
DA:69,0
DA:73,0
DA:74,0
DA:75,0
DA:76,0
DA:78,0
DA:80,0
DA:81,0
DA:82,0
DA:83,0
DA:87,0
DA:89,0
DA:91,0
DA:92,0
DA:93,0
DA:94,0
DA:97,0
DA:98,0
DA:99,0
DA:102,0
DA:103,0
DA:105,0
DA:107,0
DA:118,0
DA:119,0
DA:121,0
DA:123,0
DA:125,0
DA:126,0
DA:127,0
DA:128,0
DA:130,0
DA:131,0
DA:132,0
DA:133,0
DA:134,0
DA:135,0
DA:136,0
DA:140,0
DA:142,0
DA:143,0
DA:144,0
DA:145,0
DA:161,0
DA:162,0
DA:164,0
DA:166,0
DA:168,0
DA:169,0
DA:170,0
DA:172,0
DA:173,0
DA:174,0
DA:175,0
DA:176,0
DA:177,0
DA:179,0
DA:181,0
DA:182,0
DA:183,0
DA:184,0
DA:195,0
DA:208,0
DA:216,0
DA:217,0
DA:219,0
DA:220,0
DA:221,0
DA:222,0
DA:225,0
DA:226,0
DA:230,0
DA:233,0
DA:234,0
DA:238,0
DA:241,0
DA:242,0
DA:246,0
DA:249,0
DA:250,0
DA:253,0
DA:254,0
DA:266,0
DA:267,0
DA:268,0
DA:271,0
DA:272,0
DA:273,0
DA:280,0
DA:282,0
DA:283,0
DA:284,0
DA:285,0
DA:286,0
DA:287,0
DA:291,0
DA:296,0
DA:298,0
DA:299,0
DA:300,0
DA:301,0
DA:302,0
DA:303,0
DA:307,0
DA:316,0
DA:318,0
DA:319,0
DA:323,0
DA:325,0
DA:326,0
DA:327,0
DA:328,0
DA:329,0
DA:330,0
DA:331,0
DA:332,0
DA:333,0
DA:335,0
DA:336,0
DA:338,0
DA:339,0
DA:340,0
LF:148
LH:1
end_of_record
SF:lib\services\data_stores\remote_data_store.dart
DA:112,1
DA:122,0
DA:123,0
DA:127,0
DA:129,0
DA:130,0
DA:133,0
DA:141,0
DA:142,0
DA:144,0
DA:145,0
DA:148,0
DA:154,0
DA:155,0
DA:156,0
DA:157,0
DA:158,0
DA:160,0
DA:161,0
DA:165,0
DA:166,0
DA:173,1
DA:174,2
DA:175,1
DA:176,1
DA:177,3
DA:179,2
DA:180,1
DA:184,2
DA:186,2
DA:187,4
DA:194,0
DA:195,0
DA:196,0
DA:197,0
DA:199,0
DA:203,0
DA:204,0
DA:211,0
DA:212,0
DA:213,0
DA:214,0
DA:215,0
DA:217,0
DA:218,0
DA:222,0
DA:223,0
DA:224,0
DA:231,0
DA:232,0
DA:233,0
DA:234,0
DA:235,0
DA:237,0
DA:238,0
DA:242,0
DA:243,0
DA:244,0
DA:247,0
DA:255,0
DA:256,0
DA:257,0
DA:258,0
DA:260,0
DA:264,0
DA:265,0
DA:266,0
DA:273,0
DA:274,0
DA:276,0
DA:278,0
DA:279,0
DA:280,0
DA:283,0
DA:284,0
DA:287,0
DA:289,0
DA:290,0
DA:291,0
DA:296,0
DA:299,0
DA:301,0
DA:302,0
DA:303,0
DA:311,0
DA:312,0
DA:314,0
DA:316,0
DA:318,0
DA:319,0
DA:321,0
DA:323,0
DA:327,0
DA:329,0
DA:330,0
DA:331,0
DA:332,0
DA:333,0
DA:339,0
DA:340,0
DA:341,0
DA:342,0
DA:343,0
DA:344,0
DA:355,0
DA:356,0
DA:358,0
DA:360,0
DA:364,0
DA:365,0
DA:368,0
DA:369,0
DA:371,0
DA:373,0
DA:377,0
DA:379,0
DA:382,0
DA:383,0
DA:386,0
DA:389,0
DA:390,0
DA:391,0
DA:393,0
DA:398,0
DA:400,0
LF:125
LH:11
end_of_record
SF:lib\stores\models\transaction_response.dart
DA:4,0
DA:6,0
DA:7,0
LF:3
LH:0
end_of_record
SF:lib\utils\custom_transaction_signing_gateaway\custom_transaction_signing_gateway.dart
DA:28,0
DA:34,0
DA:35,0
DA:36,0
DA:38,0
DA:39,0
DA:40,0
DA:41,0
DA:44,0
DA:51,0
DA:55,0
DA:66,0
DA:70,0
DA:71,0
DA:72,0
DA:73,0
DA:74,0
DA:75,0
DA:77,0
DA:78,0
DA:84,0
DA:88,0
DA:89,0
DA:90,0
DA:93,0
DA:94,0
DA:95,0
DA:96,0
DA:97,0
DA:104,0
DA:108,0
DA:109,0
DA:110,0
DA:111,0
DA:112,0
DA:113,0
DA:114,0
DA:121,0
DA:124,0
DA:125,0
DA:127,0
DA:128,0
DA:131,0
DA:133,0
DA:135,0
DA:136,0
DA:137,0
DA:138,0
DA:141,0
DA:143,0
DA:144,0
DA:145,0
DA:148,0
DA:150,0
DA:151,0
DA:152,0
LF:56
LH:0
end_of_record
SF:lib\services\third_party_services\network_info.dart
DA:18,0
DA:22,0
DA:23,0
DA:25,0
DA:27,0
DA:30,0
LF:6
LH:0
end_of_record
SF:lib\utils\backup\common\backup_model.dart
DA:5,0
DA:7,0
DA:8,0
DA:9,0
DA:10,0
LF:5
LH:0
end_of_record
SF:lib\utils\backup\google_drive_helper.dart
DA:24,0
DA:25,0
DA:26,0
DA:31,0
DA:32,0
DA:33,0
DA:37,0
DA:38,0
DA:39,0
DA:40,0
DA:43,0
DA:45,0
DA:48,0
DA:49,0
DA:52,0
DA:55,0
DA:61,0
DA:62,0
DA:63,0
DA:64,0
DA:65,0
DA:70,0
DA:71,0
DA:72,0
DA:73,0
DA:76,0
DA:78,0
DA:83,0
DA:84,0
DA:86,0
DA:88,0
DA:90,0
DA:92,0
DA:93,0
DA:94,0
DA:95,0
DA:96,0
DA:97,0
DA:98,0
DA:99,0
DA:100,0
DA:102,0
DA:103,0
DA:104,0
DA:107,0
DA:115,0
DA:117,0
DA:119,0
DA:120,0
LF:49
LH:0
end_of_record
SF:lib\utils\backup\icloud_driver_helper.dart
DA:16,0
DA:18,0
DA:19,0
DA:26,0
DA:27,0
DA:28,0
DA:29,0
DA:32,0
DA:35,0
DA:36,0
DA:37,0
DA:38,0
DA:39,0
DA:41,0
DA:43,0
DA:44,0
DA:46,0
DA:47,0
DA:48,0
DA:49,0
DA:50,0
DA:51,0
DA:53,0
DA:54,0
DA:60,0
DA:64,0
DA:65,0
DA:66,0
DA:67,0
DA:69,0
DA:71,0
DA:73,0
DA:74,0
DA:76,0
DA:78,0
DA:80,0
DA:81,0
DA:82,0
DA:83,0
DA:84,0
DA:85,0
DA:86,0
DA:87,0
DA:89,0
DA:90,0
DA:97,0
LF:46
LH:0
end_of_record
SF:lib\utils\local_auth_helper.dart
DA:17,0
DA:20,0
DA:21,0
DA:22,0
DA:25,0
DA:27,0
DA:28,0
DA:32,0
DA:36,0
DA:41,0
DA:44,0
DA:45,0
DA:46,0
LF:13
LH:0
end_of_record
SF:lib\utils\token_sender.dart
DA:14,0
DA:16,0
DA:21,0
DA:22,0
DA:23,0
DA:24,0
DA:25,0
DA:26,0
DA:27,0
DA:30,0
DA:33,0
DA:34,0
DA:35,0
DA:39,0
DA:44,0
DA:45,0
DA:46,0
DA:50,0
LF:18
LH:0
end_of_record
SF:lib\utils\custom_transaction_broadcaster\custom_transaction_broadcaster.dart
DA:21,0
DA:25,0
DA:27,0
LF:3
LH:0
end_of_record
SF:lib\utils\custom_transaction_broadcaster\custom_transaction_broadcaster_imp.dart
DA:16,0
DA:18,0
DA:20,0
DA:23,0
DA:26,0
DA:27,0
DA:28,0
DA:30,0
DA:31,0
DA:32,0
DA:34,0
DA:35,0
DA:38,0
DA:39,0
DA:40,0
DA:41,0
DA:45,0
DA:46,0
DA:48,0
DA:57,0
DA:59,0
DA:61,0
DA:64,0
LF:23
LH:0
end_of_record
SF:lib\utils\custom_transaction_signer\custom_transaction_signer.dart
DA:16,0
DA:18,0
DA:20,0
DA:23,0
DA:27,0
DA:28,0
DA:29,0
DA:31,0
DA:32,0
DA:33,0
DA:37,0
DA:38,0
DA:39,0
DA:40,0
DA:41,0
DA:42,0
DA:44,0
DA:46,0
DA:54,0
DA:56,0
DA:59,0
DA:61,0
LF:22
LH:0
end_of_record
SF:lib\utils\custom_transaction_signer\custom_tx_signer.dart
DA:13,0
DA:19,0
DA:22,0
DA:23,0
DA:28,0
DA:29,0
DA:30,0
DA:36,0
DA:44,0
DA:45,0
DA:48,0
DA:49,0
DA:50,0
DA:64,0
DA:65,0
DA:71,0
DA:72,0
DA:82,0
DA:85,0
DA:88,0
DA:92,0
DA:93,0
DA:94,0
DA:95,0
DA:96,0
DA:97,0
DA:100,0
DA:101,0
DA:102,0
DA:103,0
DA:104,0
DA:106,0
DA:109,0
DA:112,0
DA:113,0
DA:116,0
DA:118,0
DA:121,0
LF:38
LH:0
end_of_record
SF:lib\components\buttons\add_friend_button.dart
DA:8,1
DA:12,1
DA:14,1
DA:16,1
DA:17,1
LF:5
LH:5
end_of_record
SF:lib\components\buttons\more_button.dart
DA:9,1
DA:10,1
DA:12,1
DA:14,1
DA:15,1
DA:16,1
DA:18,1
DA:19,1
DA:20,1
DA:21,1
DA:25,1
DA:26,1
LF:12
LH:12
end_of_record
SF:lib\components\buttons\favorite_button.dart
DA:7,1
DA:10,1
DA:12,1
DA:14,1
DA:15,1
LF:5
LH:5
end_of_record
SF:lib\components\buttons\next_button.dart
DA:7,1
DA:10,1
DA:12,1
DA:14,1
DA:15,1
LF:5
LH:5
end_of_record
SF:lib\components\buttons\share_button.dart
DA:7,1
DA:10,1
DA:12,1
DA:14,1
DA:15,1
LF:5
LH:5
end_of_record
